{"/Users/mugabodeo/Documents/repos/myBlog/Niyonsaba-Mugabo-Deo/app.js":{"path":"/Users/mugabodeo/Documents/repos/myBlog/Niyonsaba-Mugabo-Deo/app.js","statementMap":{"0":{"start":{"line":3,"column":0},"end":{"line":5,"column":3}},"1":{"start":{"line":6,"column":0},"end":{"line":6,"column":28}},"2":{"start":{"line":8,"column":15},"end":{"line":8,"column":57}},"3":{"start":{"line":10,"column":16},"end":{"line":10,"column":59}},"4":{"start":{"line":12,"column":16},"end":{"line":12,"column":68}},"5":{"start":{"line":14,"column":15},"end":{"line":14,"column":66}},"6":{"start":{"line":16,"column":19},"end":{"line":16,"column":74}},"7":{"start":{"line":18,"column":13},"end":{"line":18,"column":62}},"8":{"start":{"line":20,"column":39},"end":{"line":20,"column":95}},"9":{"start":{"line":22,"column":16},"end":{"line":22,"column":45}},"10":{"start":{"line":24,"column":22},"end":{"line":24,"column":50}},"11":{"start":{"line":26,"column":0},"end":{"line":26,"column":27}},"12":{"start":{"line":28,"column":10},"end":{"line":28,"column":36}},"13":{"start":{"line":29,"column":11},"end":{"line":29,"column":35}},"14":{"start":{"line":30,"column":0},"end":{"line":30,"column":36}},"15":{"start":{"line":32,"column":0},"end":{"line":32,"column":38}},"16":{"start":{"line":33,"column":0},"end":{"line":33,"column":72}},"17":{"start":{"line":34,"column":0},"end":{"line":34,"column":43}},"18":{"start":{"line":35,"column":0},"end":{"line":35,"column":41}},"19":{"start":{"line":36,"column":0},"end":{"line":36,"column":37}},"20":{"start":{"line":38,"column":0},"end":{"line":47,"column":3}},"21":{"start":{"line":44,"column":2},"end":{"line":44,"column":37}},"22":{"start":{"line":46,"column":2},"end":{"line":46,"column":52}},"23":{"start":{"line":50,"column":15},"end":{"line":52,"column":2}},"24":{"start":{"line":51,"column":2},"end":{"line":51,"column":45}},"25":{"start":{"line":54,"column":0},"end":{"line":54,"column":30}}},"fnMap":{"0":{"name":"_interopRequireDefault","decl":{"start":{"line":20,"column":9},"end":{"line":20,"column":31}},"loc":{"start":{"line":20,"column":37},"end":{"line":20,"column":97}},"line":20},"1":{"name":"(anonymous_1)","decl":{"start":{"line":43,"column":8},"end":{"line":43,"column":9}},"loc":{"start":{"line":43,"column":23},"end":{"line":45,"column":1}},"line":43},"2":{"name":"(anonymous_2)","decl":{"start":{"line":45,"column":12},"end":{"line":45,"column":13}},"loc":{"start":{"line":45,"column":27},"end":{"line":47,"column":1}},"line":45},"3":{"name":"(anonymous_3)","decl":{"start":{"line":50,"column":32},"end":{"line":50,"column":33}},"loc":{"start":{"line":50,"column":44},"end":{"line":52,"column":1}},"line":50}},"branchMap":{"0":{"loc":{"start":{"line":20,"column":46},"end":{"line":20,"column":94}},"type":"cond-expr","locations":[{"start":{"line":20,"column":70},"end":{"line":20,"column":73}},{"start":{"line":20,"column":76},"end":{"line":20,"column":94}}],"line":20},"1":{"loc":{"start":{"line":20,"column":46},"end":{"line":20,"column":67}},"type":"binary-expr","locations":[{"start":{"line":20,"column":46},"end":{"line":20,"column":49}},{"start":{"line":20,"column":53},"end":{"line":20,"column":67}}],"line":20},"2":{"loc":{"start":{"line":29,"column":11},"end":{"line":29,"column":35}},"type":"binary-expr","locations":[{"start":{"line":29,"column":11},"end":{"line":29,"column":27}},{"start":{"line":29,"column":31},"end":{"line":29,"column":35}}],"line":29}},"s":{"0":1,"1":1,"2":1,"3":1,"4":1,"5":1,"6":1,"7":1,"8":6,"9":1,"10":1,"11":1,"12":1,"13":1,"14":1,"15":1,"16":1,"17":1,"18":1,"19":1,"20":1,"21":1,"22":0,"23":1,"24":1,"25":1},"f":{"0":6,"1":1,"2":0,"3":1},"b":{"0":[4,2],"1":[6,6],"2":[1,0]},"inputSourceMap":{"version":3,"sources":["app.js"],"names":["swaggerUi","require","swaggerDocument","config","app","port","process","env","PORT","use","express","json","userInfoRouter","serve","setup","articleRouter","querieRouter","adminRouter","Mongoose","connect","DB_CONNECTION","useNewUrlParser","useUnifiedTopology","useCreateIndex","useFindAndModify","then","res","console","log","err","listen"],"mappings":";;;;;;;AAAA;;AACA;;AACA;;AACA;;AACA;;AACA;;;;AACA,IAAMA,SAAS,GAAGC,OAAO,CAAC,oBAAD,CAAzB;;AACA,IAAMC,eAAe,GAAGD,OAAO,CAAC,mBAAD,CAA/B;;AAEAA,OAAO,CAAC,QAAD,CAAP,CAAkBE,MAAlB;;AACA,IAAMC,GAAG,GAAC,0BAAV;AACA,IAAMC,IAAI,GAAEC,OAAO,CAACC,GAAR,CAAYC,IAAZ,IAAoB,IAAhC;AAEAJ,GAAG,CAACK,GAAJ,CAAQC,oBAAQC,IAAR,EAAR,E,CAEA;;AAEAP,GAAG,CAACK,GAAJ,CAAQ,GAAR,EAAYG,uBAAZ;AACAR,GAAG,CAACK,GAAJ,CAAQ,WAAR,EAAqBT,SAAS,CAACa,KAA/B,EAAsCb,SAAS,CAACc,KAAV,CAAgBZ,eAAhB,CAAtC;AACAE,GAAG,CAACK,GAAJ,CAAQ,WAAR,EAAoBM,oBAApB;AACAX,GAAG,CAACK,GAAJ,CAAQ,UAAR,EAAmBO,mBAAnB;AACAZ,GAAG,CAACK,GAAJ,CAAQ,QAAR,EAAiBQ,iBAAjB,E,CAEA;;AACAC,qBAASC,OAAT,CAAiBb,OAAO,CAACC,GAAR,CAAYa,aAA7B,EACI;AAAEC,EAAAA,eAAe,EAAE,IAAnB;AAAwBC,EAAAA,kBAAkB,EAAE,IAA5C;AAAiDC,EAAAA,cAAc,EAAE,IAAjE;AAAsEC,EAAAA,gBAAgB,EAAE;AAAxF,CADJ,EAEEC,IAFF,CAEO,UAACC,GAAD,EAAO;AACZC,EAAAA,OAAO,CAACC,GAAR,CAAY,qBAAZ;AACD,CAJD,WAKO,UAACC,GAAD,EAAO;AACZF,EAAAA,OAAO,CAACC,GAAR,CAAY,+BAAZ,EAA4CC,GAA5C;AACD,CAPD,E,CASA;;;eACezB,GAAG,CAAC0B,MAAJ,CAAWzB,IAAX,EAAgB,YAAI;AAC/BsB,EAAAA,OAAO,CAACC,GAAR,yBAA6BvB,IAA7B;AACH,CAFc,C","sourceRoot":"/Users/mugabodeo/Documents/repos/myBlog/Niyonsaba-Mugabo-Deo/","sourcesContent":["import express from 'express'\nimport Mongoose from 'mongoose'\nimport articleRouter from './routes/articles'\nimport querieRouter from './routes/queries'\nimport userInfoRouter from \"./routes/userProfile\"\nimport adminRouter from \"./routes/admin\"\nconst swaggerUi = require('swagger-ui-express');\nconst swaggerDocument = require('./myBlog_1.0.json');\n\nrequire('dotenv').config()\nconst app=express();\nconst port= process.env.PORT || 8080;\n\napp.use(express.json())\n\n//defining routes\n\napp.use('/',userInfoRouter)\napp.use('/api-docs', swaggerUi.serve, swaggerUi.setup(swaggerDocument));\napp.use('/articles',articleRouter)\napp.use('/queries',querieRouter)\napp.use('/admin',adminRouter)\n\n//connect to database\nMongoose.connect(process.env.DB_CONNECTION,\n    { useNewUrlParser: true,useUnifiedTopology: true,useCreateIndex: true,useFindAndModify: false},\n).then((res)=>{\n  console.log('database connnected')\n})\n.catch((err)=>{\n  console.log('failed to connect to database',err)\n})\n\n//starting a server\nexport default app.listen(port,()=>{\n    console.log(` listening at ${port}`)\n})\n\n\n\n\n\n"]},"_coverageSchema":"1a1c01bbd47fc00a2c39e90264f33305004495a9","hash":"30b8e970c9877b198605f1bab1233884741916d3","contentHash":"8d5872116b30d7f69d1ddd7f1fbc29a5fc35f0c33512f6dcf6a13aa662dedf2c"},"/Users/mugabodeo/Documents/repos/myBlog/Niyonsaba-Mugabo-Deo/routes/articles.js":{"path":"/Users/mugabodeo/Documents/repos/myBlog/Niyonsaba-Mugabo-Deo/routes/articles.js","statementMap":{"0":{"start":{"line":3,"column":0},"end":{"line":5,"column":3}},"1":{"start":{"line":6,"column":0},"end":{"line":6,"column":28}},"2":{"start":{"line":8,"column":15},"end":{"line":8,"column":57}},"3":{"start":{"line":10,"column":15},"end":{"line":10,"column":67}},"4":{"start":{"line":12,"column":19},"end":{"line":12,"column":72}},"5":{"start":{"line":14,"column":15},"end":{"line":14,"column":67}},"6":{"start":{"line":16,"column":39},"end":{"line":16,"column":95}},"7":{"start":{"line":18,"column":77},"end":{"line":18,"column":175}},"8":{"start":{"line":18,"column":94},"end":{"line":18,"column":107}},"9":{"start":{"line":18,"column":121},"end":{"line":18,"column":131}},"10":{"start":{"line":18,"column":151},"end":{"line":18,"column":165}},"11":{"start":{"line":18,"column":166},"end":{"line":18,"column":173}},"12":{"start":{"line":18,"column":176},"end":{"line":18,"column":263}},"13":{"start":{"line":18,"column":193},"end":{"line":18,"column":208}},"14":{"start":{"line":18,"column":218},"end":{"line":18,"column":261}},"15":{"start":{"line":20,"column":33},"end":{"line":20,"column":387}},"16":{"start":{"line":20,"column":65},"end":{"line":20,"column":69}},"17":{"start":{"line":20,"column":78},"end":{"line":20,"column":87}},"18":{"start":{"line":20,"column":89},"end":{"line":20,"column":384}},"19":{"start":{"line":20,"column":147},"end":{"line":20,"column":167}},"20":{"start":{"line":20,"column":193},"end":{"line":20,"column":264}},"21":{"start":{"line":20,"column":290},"end":{"line":20,"column":360}},"22":{"start":{"line":20,"column":363},"end":{"line":20,"column":380}},"23":{"start":{"line":22,"column":20},"end":{"line":22,"column":48}},"24":{"start":{"line":25,"column":0},"end":{"line":60,"column":5}},"25":{"start":{"line":26,"column":13},"end":{"line":55,"column":5}},"26":{"start":{"line":28,"column":4},"end":{"line":54,"column":32}},"27":{"start":{"line":29,"column":6},"end":{"line":53,"column":7}},"28":{"start":{"line":30,"column":8},"end":{"line":52,"column":9}},"29":{"start":{"line":32,"column":12},"end":{"line":32,"column":30}},"30":{"start":{"line":33,"column":12},"end":{"line":33,"column":30}},"31":{"start":{"line":34,"column":12},"end":{"line":34,"column":46}},"32":{"start":{"line":37,"column":12},"end":{"line":37,"column":40}},"33":{"start":{"line":38,"column":12},"end":{"line":38,"column":34}},"34":{"start":{"line":39,"column":12},"end":{"line":39,"column":31}},"35":{"start":{"line":40,"column":12},"end":{"line":40,"column":18}},"36":{"start":{"line":43,"column":12},"end":{"line":43,"column":30}},"37":{"start":{"line":44,"column":12},"end":{"line":44,"column":47}},"38":{"start":{"line":45,"column":12},"end":{"line":47,"column":15}},"39":{"start":{"line":51,"column":12},"end":{"line":51,"column":35}},"40":{"start":{"line":57,"column":2},"end":{"line":59,"column":4}},"41":{"start":{"line":58,"column":4},"end":{"line":58,"column":39}},"42":{"start":{"line":62,"column":0},"end":{"line":99,"column":5}},"43":{"start":{"line":63,"column":14},"end":{"line":94,"column":5}},"44":{"start":{"line":65,"column":4},"end":{"line":93,"column":33}},"45":{"start":{"line":66,"column":6},"end":{"line":92,"column":7}},"46":{"start":{"line":67,"column":8},"end":{"line":91,"column":9}},"47":{"start":{"line":69,"column":12},"end":{"line":69,"column":31}},"48":{"start":{"line":70,"column":12},"end":{"line":70,"column":31}},"49":{"start":{"line":71,"column":12},"end":{"line":73,"column":36}},"50":{"start":{"line":76,"column":12},"end":{"line":76,"column":43}},"51":{"start":{"line":77,"column":12},"end":{"line":77,"column":36}},"52":{"start":{"line":78,"column":12},"end":{"line":78,"column":32}},"53":{"start":{"line":79,"column":12},"end":{"line":79,"column":18}},"54":{"start":{"line":82,"column":12},"end":{"line":82,"column":31}},"55":{"start":{"line":83,"column":12},"end":{"line":83,"column":49}},"56":{"start":{"line":84,"column":12},"end":{"line":86,"column":15}},"57":{"start":{"line":90,"column":12},"end":{"line":90,"column":36}},"58":{"start":{"line":96,"column":2},"end":{"line":98,"column":4}},"59":{"start":{"line":97,"column":4},"end":{"line":97,"column":40}},"60":{"start":{"line":101,"column":0},"end":{"line":154,"column":5}},"61":{"start":{"line":102,"column":14},"end":{"line":149,"column":5}},"62":{"start":{"line":104,"column":4},"end":{"line":148,"column":34}},"63":{"start":{"line":105,"column":6},"end":{"line":147,"column":7}},"64":{"start":{"line":106,"column":8},"end":{"line":146,"column":9}},"65":{"start":{"line":108,"column":12},"end":{"line":112,"column":15}},"66":{"start":{"line":113,"column":12},"end":{"line":113,"column":31}},"67":{"start":{"line":114,"column":12},"end":{"line":114,"column":31}},"68":{"start":{"line":115,"column":12},"end":{"line":115,"column":37}},"69":{"start":{"line":118,"column":12},"end":{"line":118,"column":42}},"70":{"start":{"line":119,"column":12},"end":{"line":119,"column":31}},"71":{"start":{"line":120,"column":12},"end":{"line":122,"column":15}},"72":{"start":{"line":125,"column":12},"end":{"line":125,"column":40}},"73":{"start":{"line":126,"column":12},"end":{"line":126,"column":55}},"74":{"start":{"line":127,"column":12},"end":{"line":127,"column":32}},"75":{"start":{"line":128,"column":12},"end":{"line":128,"column":37}},"76":{"start":{"line":131,"column":12},"end":{"line":131,"column":41}},"77":{"start":{"line":132,"column":12},"end":{"line":132,"column":35}},"78":{"start":{"line":133,"column":12},"end":{"line":133,"column":32}},"79":{"start":{"line":134,"column":12},"end":{"line":134,"column":18}},"80":{"start":{"line":137,"column":12},"end":{"line":137,"column":32}},"81":{"start":{"line":138,"column":12},"end":{"line":138,"column":49}},"82":{"start":{"line":139,"column":12},"end":{"line":141,"column":15}},"83":{"start":{"line":145,"column":12},"end":{"line":145,"column":36}},"84":{"start":{"line":151,"column":2},"end":{"line":153,"column":4}},"85":{"start":{"line":152,"column":4},"end":{"line":152,"column":40}},"86":{"start":{"line":155,"column":15},"end":{"line":155,"column":28}},"87":{"start":{"line":156,"column":0},"end":{"line":156,"column":30}}},"fnMap":{"0":{"name":"_interopRequireDefault","decl":{"start":{"line":16,"column":9},"end":{"line":16,"column":31}},"loc":{"start":{"line":16,"column":37},"end":{"line":16,"column":97}},"line":16},"1":{"name":"asyncGeneratorStep","decl":{"start":{"line":18,"column":9},"end":{"line":18,"column":27}},"loc":{"start":{"line":18,"column":75},"end":{"line":18,"column":265}},"line":18},"2":{"name":"_asyncToGenerator","decl":{"start":{"line":20,"column":9},"end":{"line":20,"column":26}},"loc":{"start":{"line":20,"column":31},"end":{"line":20,"column":389}},"line":20},"3":{"name":"(anonymous_3)","decl":{"start":{"line":20,"column":40},"end":{"line":20,"column":41}},"loc":{"start":{"line":20,"column":52},"end":{"line":20,"column":386}},"line":20},"4":{"name":"(anonymous_4)","decl":{"start":{"line":20,"column":108},"end":{"line":20,"column":109}},"loc":{"start":{"line":20,"column":135},"end":{"line":20,"column":382}},"line":20},"5":{"name":"_next","decl":{"start":{"line":20,"column":178},"end":{"line":20,"column":183}},"loc":{"start":{"line":20,"column":191},"end":{"line":20,"column":266}},"line":20},"6":{"name":"_throw","decl":{"start":{"line":20,"column":276},"end":{"line":20,"column":282}},"loc":{"start":{"line":20,"column":288},"end":{"line":20,"column":362}},"line":20},"7":{"name":"(anonymous_7)","decl":{"start":{"line":25,"column":35},"end":{"line":25,"column":36}},"loc":{"start":{"line":25,"column":47},"end":{"line":60,"column":1}},"line":25},"8":{"name":"_callee","decl":{"start":{"line":26,"column":78},"end":{"line":26,"column":85}},"loc":{"start":{"line":26,"column":96},"end":{"line":55,"column":3}},"line":26},"9":{"name":"_callee$","decl":{"start":{"line":28,"column":44},"end":{"line":28,"column":52}},"loc":{"start":{"line":28,"column":63},"end":{"line":54,"column":5}},"line":28},"10":{"name":"(anonymous_10)","decl":{"start":{"line":57,"column":9},"end":{"line":57,"column":10}},"loc":{"start":{"line":57,"column":28},"end":{"line":59,"column":3}},"line":57},"11":{"name":"(anonymous_11)","decl":{"start":{"line":62,"column":46},"end":{"line":62,"column":47}},"loc":{"start":{"line":62,"column":58},"end":{"line":99,"column":1}},"line":62},"12":{"name":"_callee2","decl":{"start":{"line":63,"column":79},"end":{"line":63,"column":87}},"loc":{"start":{"line":63,"column":98},"end":{"line":94,"column":3}},"line":63},"13":{"name":"_callee2$","decl":{"start":{"line":65,"column":44},"end":{"line":65,"column":53}},"loc":{"start":{"line":65,"column":65},"end":{"line":93,"column":5}},"line":65},"14":{"name":"(anonymous_14)","decl":{"start":{"line":96,"column":9},"end":{"line":96,"column":10}},"loc":{"start":{"line":96,"column":29},"end":{"line":98,"column":3}},"line":96},"15":{"name":"(anonymous_15)","decl":{"start":{"line":101,"column":58},"end":{"line":101,"column":59}},"loc":{"start":{"line":101,"column":70},"end":{"line":154,"column":1}},"line":101},"16":{"name":"_callee3","decl":{"start":{"line":102,"column":79},"end":{"line":102,"column":87}},"loc":{"start":{"line":102,"column":98},"end":{"line":149,"column":3}},"line":102},"17":{"name":"_callee3$","decl":{"start":{"line":104,"column":44},"end":{"line":104,"column":53}},"loc":{"start":{"line":104,"column":65},"end":{"line":148,"column":5}},"line":104},"18":{"name":"(anonymous_18)","decl":{"start":{"line":151,"column":9},"end":{"line":151,"column":10}},"loc":{"start":{"line":151,"column":29},"end":{"line":153,"column":3}},"line":151}},"branchMap":{"0":{"loc":{"start":{"line":16,"column":46},"end":{"line":16,"column":94}},"type":"cond-expr","locations":[{"start":{"line":16,"column":70},"end":{"line":16,"column":73}},{"start":{"line":16,"column":76},"end":{"line":16,"column":94}}],"line":16},"1":{"loc":{"start":{"line":16,"column":46},"end":{"line":16,"column":67}},"type":"binary-expr","locations":[{"start":{"line":16,"column":46},"end":{"line":16,"column":49}},{"start":{"line":16,"column":53},"end":{"line":16,"column":67}}],"line":16},"2":{"loc":{"start":{"line":18,"column":176},"end":{"line":18,"column":263}},"type":"if","locations":[{"start":{"line":18,"column":176},"end":{"line":18,"column":263}},{"start":{"line":18,"column":176},"end":{"line":18,"column":263}}],"line":18},"3":{"loc":{"start":{"line":30,"column":8},"end":{"line":52,"column":9}},"type":"switch","locations":[{"start":{"line":31,"column":10},"end":{"line":34,"column":46}},{"start":{"line":36,"column":10},"end":{"line":40,"column":18}},{"start":{"line":42,"column":10},"end":{"line":47,"column":15}},{"start":{"line":49,"column":10},"end":{"line":49,"column":18}},{"start":{"line":50,"column":10},"end":{"line":51,"column":35}}],"line":30},"4":{"loc":{"start":{"line":67,"column":8},"end":{"line":91,"column":9}},"type":"switch","locations":[{"start":{"line":68,"column":10},"end":{"line":73,"column":36}},{"start":{"line":75,"column":10},"end":{"line":79,"column":18}},{"start":{"line":81,"column":10},"end":{"line":86,"column":15}},{"start":{"line":88,"column":10},"end":{"line":88,"column":18}},{"start":{"line":89,"column":10},"end":{"line":90,"column":36}}],"line":67},"5":{"loc":{"start":{"line":106,"column":8},"end":{"line":146,"column":9}},"type":"switch","locations":[{"start":{"line":107,"column":10},"end":{"line":115,"column":37}},{"start":{"line":117,"column":10},"end":{"line":122,"column":15}},{"start":{"line":124,"column":10},"end":{"line":128,"column":37}},{"start":{"line":130,"column":10},"end":{"line":134,"column":18}},{"start":{"line":136,"column":10},"end":{"line":141,"column":15}},{"start":{"line":143,"column":10},"end":{"line":143,"column":18}},{"start":{"line":144,"column":10},"end":{"line":145,"column":36}}],"line":106}},"s":{"0":1,"1":1,"2":1,"3":1,"4":1,"5":1,"6":4,"7":16,"8":16,"9":16,"10":0,"11":0,"12":16,"13":7,"14":9,"15":3,"16":7,"17":7,"18":7,"19":7,"20":16,"21":0,"22":7,"23":1,"24":1,"25":1,"26":5,"27":10,"28":15,"29":5,"30":5,"31":5,"32":5,"33":5,"34":5,"35":5,"36":0,"37":0,"38":0,"39":5,"40":1,"41":5,"42":1,"43":1,"44":1,"45":2,"46":3,"47":1,"48":1,"49":1,"50":1,"51":1,"52":1,"53":1,"54":0,"55":0,"56":0,"57":1,"58":1,"59":1,"60":1,"61":1,"62":1,"63":4,"64":5,"65":1,"66":1,"67":1,"68":1,"69":1,"70":1,"71":1,"72":1,"73":1,"74":1,"75":1,"76":1,"77":1,"78":1,"79":1,"80":0,"81":0,"82":0,"83":1,"84":1,"85":1,"86":1,"87":1},"f":{"0":4,"1":16,"2":3,"3":7,"4":7,"5":16,"6":0,"7":1,"8":5,"9":10,"10":5,"11":1,"12":1,"13":2,"14":1,"15":1,"16":1,"17":4,"18":1},"b":{"0":[3,1],"1":[4,4],"2":[7,9],"3":[5,5,0,5,5],"4":[1,1,0,1,1],"5":[1,1,1,1,0,1,1]},"inputSourceMap":{"version":3,"sources":["articles.js"],"names":["articleRouter","express","Router","get","req","res","Article","find","allArticles","json","message","findOne","_id","params","articleId","populate","singleArticle","post","newComment","Comment","name","body","email","comment","save","savedComment","getArticle","comments","push","saveComment"],"mappings":";;;;;;;AAAA;;AACA;;AACA;;AACA;;;;;;;;AAEA,IAAMA,aAAa,GAAGC,oBAAQC,MAAR,EAAtB,C,CAEA;;;AAEAF,aAAa,CAACG,GAAd,CAAkB,EAAlB;AAAA,qEAAsB,iBAAOC,GAAP,EAAYC,GAAZ;AAAA;AAAA;AAAA;AAAA;AAAA;AAAA;AAAA;AAAA,mBAEQC,oBAAQC,IAAR,EAFR;;AAAA;AAEZC,YAAAA,WAFY;AAGlBH,YAAAA,GAAG,CAACI,IAAJ,CAASD,WAAT;AAHkB;AAAA;;AAAA;AAAA;AAAA;AAKlBH,YAAAA,GAAG,CAACI,IAAJ,CAAS;AAAEC,cAAAA,OAAO;AAAT,aAAT;;AALkB;AAAA;AAAA;AAAA;AAAA;AAAA;AAAA,GAAtB;;AAAA;AAAA;AAAA;AAAA,K,CAUA;;AACAV,aAAa,CAACG,GAAd,CAAkB,aAAlB;AAAA,sEAAiC,kBAAOC,GAAP,EAAYC,GAAZ;AAAA;AAAA;AAAA;AAAA;AAAA;AAAA;AAAA;AAAA,mBAEDC,oBAAQK,OAAR,CAAgB;AAC1CC,cAAAA,GAAG,EAAER,GAAG,CAACS,MAAJ,CAAWC;AAD0B,aAAhB,EAEzBC,QAFyB,CAEhB,UAFgB,CAFC;;AAAA;AAEvBC,YAAAA,aAFuB;AAK7BX,YAAAA,GAAG,CAACI,IAAJ,CAASO,aAAT;AAL6B;AAAA;;AAAA;AAAA;AAAA;AAO7BX,YAAAA,GAAG,CAACI,IAAJ,CAAS;AAAEC,cAAAA,OAAO;AAAT,aAAT;;AAP6B;AAAA;AAAA;AAAA;AAAA;AAAA;AAAA,GAAjC;;AAAA;AAAA;AAAA;AAAA,K,CAaA;;AACAV,aAAa,CAACiB,IAAd,CAAmB,wBAAnB;AAAA,sEAA6C,kBAAOb,GAAP,EAAYC,GAAZ;AAAA;AAAA;AAAA;AAAA;AAAA;AACrCa,YAAAA,UADqC,GACxB,IAAIC,mBAAJ,CAAY;AAC7BC,cAAAA,IAAI,EAAEhB,GAAG,CAACiB,IAAJ,CAASD,IADc;AAE7BE,cAAAA,KAAK,EAAElB,GAAG,CAACiB,IAAJ,CAASC,KAFa;AAG7BC,cAAAA,OAAO,EAAEnB,GAAG,CAACiB,IAAJ,CAASE;AAHW,aAAZ,CADwB;AAAA;AAAA;AAAA,mBAQdL,UAAU,CAACM,IAAX,EARc;;AAAA;AAQnCC,YAAAA,YARmC;AAAA;AAAA,mBAShBnB,oBAAQK,OAAR,CAAgB;AAAEC,cAAAA,GAAG,EAAER,GAAG,CAACS,MAAJ,CAAWC;AAAlB,aAAhB,CATgB;;AAAA;AASnCY,YAAAA,UATmC;AAUzCA,YAAAA,UAAU,CAACC,QAAX,CAAoBC,IAApB,CAAyBH,YAAY,CAACb,GAAtC;AAVyC;AAAA,mBAWfc,UAAU,CAACF,IAAX,EAXe;;AAAA;AAWnCK,YAAAA,WAXmC;AAYzCxB,YAAAA,GAAG,CAACI,IAAJ,CAASgB,YAAT;AAZyC;AAAA;;AAAA;AAAA;AAAA;AAczCpB,YAAAA,GAAG,CAACI,IAAJ,CAAS;AAAEC,cAAAA,OAAO;AAAT,aAAT;;AAdyC;AAAA;AAAA;AAAA;AAAA;AAAA;AAAA,GAA7C;;AAAA;AAAA;AAAA;AAAA;eAkBeV,a","sourceRoot":"/Users/mugabodeo/Documents/repos/myBlog/Niyonsaba-Mugabo-Deo/routes/","sourcesContent":["import express from \"express\";\nimport Article from \"../models/article\";\nimport VerifyToken from \"../lib/verifyToken\";\nimport Comment from \"../models/comment\";\n\nconst articleRouter = express.Router();\n\n//get all articles from mongo database\n\narticleRouter.get(\"\", async (req, res) => {\n  try {\n    const allArticles = await Article.find();\n    res.json(allArticles);\n  } catch (err) {\n    res.json({ message: err });\n  }\n});\n\n\n//get a specific article with article id and get all comments\narticleRouter.get(\"/:articleId\", async (req, res) => {\n  try {\n    const singleArticle = await Article.findOne({\n      _id: req.params.articleId,\n    }).populate(\"comments\");\n    res.json(singleArticle);\n  } catch (err) {\n    res.json({ message: err });\n  }\n});\n\n\n\n//add new comment to an specific article\narticleRouter.post(\"/:articleId/newComment\", async (req, res) => {\n  const newComment = new Comment({\n    name: req.body.name,\n    email: req.body.email,\n    comment: req.body.comment,\n  });\n\n  try {\n    const savedComment = await newComment.save();\n    const getArticle = await Article.findOne({ _id: req.params.articleId });\n    getArticle.comments.push(savedComment._id);\n    const saveComment = await getArticle.save();\n    res.json(savedComment);\n  } catch (err) {\n    res.json({ message: err });\n  }\n});\n\nexport default articleRouter;\n"]},"_coverageSchema":"1a1c01bbd47fc00a2c39e90264f33305004495a9","hash":"5aa16e9f252c0a1f80079ee8adfd0ea5276d586d","contentHash":"7cb07842166a1a58697457f1964e9f443bf9c1f934d57ef3239e8754599938f0"},"/Users/mugabodeo/Documents/repos/myBlog/Niyonsaba-Mugabo-Deo/models/article.js":{"path":"/Users/mugabodeo/Documents/repos/myBlog/Niyonsaba-Mugabo-Deo/models/article.js","statementMap":{"0":{"start":{"line":3,"column":0},"end":{"line":5,"column":3}},"1":{"start":{"line":6,"column":0},"end":{"line":6,"column":28}},"2":{"start":{"line":8,"column":16},"end":{"line":8,"column":59}},"3":{"start":{"line":10,"column":39},"end":{"line":10,"column":95}},"4":{"start":{"line":12,"column":20},"end":{"line":45,"column":2}},"5":{"start":{"line":47,"column":15},"end":{"line":47,"column":79}},"6":{"start":{"line":49,"column":0},"end":{"line":49,"column":30}}},"fnMap":{"0":{"name":"_interopRequireDefault","decl":{"start":{"line":10,"column":9},"end":{"line":10,"column":31}},"loc":{"start":{"line":10,"column":37},"end":{"line":10,"column":97}},"line":10}},"branchMap":{"0":{"loc":{"start":{"line":10,"column":46},"end":{"line":10,"column":94}},"type":"cond-expr","locations":[{"start":{"line":10,"column":70},"end":{"line":10,"column":73}},{"start":{"line":10,"column":76},"end":{"line":10,"column":94}}],"line":10},"1":{"loc":{"start":{"line":10,"column":46},"end":{"line":10,"column":67}},"type":"binary-expr","locations":[{"start":{"line":10,"column":46},"end":{"line":10,"column":49}},{"start":{"line":10,"column":53},"end":{"line":10,"column":67}}],"line":10}},"s":{"0":1,"1":1,"2":1,"3":1,"4":1,"5":1,"6":1},"f":{"0":1},"b":{"0":[0,1],"1":[1,1]},"inputSourceMap":{"version":3,"sources":["article.js"],"names":["articleSchema","Mongoose","Schema","articleTitle","type","String","required","articleCover","articleHeadline","articleCategory","articleBody","articleUpdate","Boolean","comments","Types","ObjectId","ref","timestamp","Date","now","model"],"mappings":";;;;;;;AAAA;;;;AAEA,IAAMA,aAAa,GAAGC,qBAASC,MAAT,CAAgB;AACpCC,EAAAA,YAAY,EAAE;AACZC,IAAAA,IAAI,EAAEC,MADM;AAEZC,IAAAA,QAAQ,EAAE;AAFE,GADsB;AAKpCC,EAAAA,YAAY,EAAE;AACZH,IAAAA,IAAI,EAAEC,MADM;AAEZC,IAAAA,QAAQ,EAAE;AAFE,GALsB;AASpCE,EAAAA,eAAe,EAAE;AACfJ,IAAAA,IAAI,EAAEC,MADS;AAEfC,IAAAA,QAAQ,EAAE;AAFK,GATmB;AAapCG,EAAAA,eAAe,EAAE;AACfL,IAAAA,IAAI,EAAEC,MADS;AAEfC,IAAAA,QAAQ,EAAE;AAFK,GAbmB;AAiBpCI,EAAAA,WAAW,EAAE;AACXN,IAAAA,IAAI,EAAEC,MADK;AAEXC,IAAAA,QAAQ,EAAE;AAFC,GAjBuB;AAqBpCK,EAAAA,aAAa,EAAE;AACbP,IAAAA,IAAI,EAAEQ,OADO;AAEbN,IAAAA,QAAQ,EAAE;AAFG,GArBqB;AAyBpCO,EAAAA,QAAQ,EAAC,CAAC;AAACT,IAAAA,IAAI,EAACH,qBAASC,MAAT,CAAgBY,KAAhB,CAAsBC,QAA5B;AAAqCC,IAAAA,GAAG,EAAC;AAAzC,GAAD,CAzB2B;AA0BpCC,EAAAA,SAAS,EAAE;AACTb,IAAAA,IAAI,EAAEc,IADG;AAET,eAASA,IAAI,CAACC,GAAL;AAFA;AA1ByB,CAAhB,CAAtB;;eAgCelB,qBAASmB,KAAT,CAAe,SAAf,EAA0BpB,aAA1B,EAAyC,UAAzC,C","sourceRoot":"/Users/mugabodeo/Documents/repos/myBlog/Niyonsaba-Mugabo-Deo/models/","sourcesContent":["import Mongoose from \"mongoose\";\n\nconst articleSchema = Mongoose.Schema({\n  articleTitle: {\n    type: String,\n    required: true\n  },\n  articleCover: {\n    type: String,\n    required: true\n  },\n  articleHeadline: {\n    type: String,\n    required: true\n  },\n  articleCategory: {\n    type: String,\n    required: true\n  },\n  articleBody: {\n    type: String,\n    required: true\n  },\n  articleUpdate: {\n    type: Boolean,\n    required: true\n  },\n  comments:[{type:Mongoose.Schema.Types.ObjectId,ref:'Comment'}],\n  timestamp: {\n    type: Date,\n    default: Date.now()\n  }\n});\n\nexport default Mongoose.model(\"Article\", articleSchema, \"articles\");\n"]},"_coverageSchema":"1a1c01bbd47fc00a2c39e90264f33305004495a9","hash":"3d9ab5672cbc993d9d1a0fa3360773e69b575f9c","contentHash":"c1bbb2aaa7f73dffc229325d44dfeb9001f5127d647d379efa4ecea935295c7b"},"/Users/mugabodeo/Documents/repos/myBlog/Niyonsaba-Mugabo-Deo/lib/verifyToken.js":{"path":"/Users/mugabodeo/Documents/repos/myBlog/Niyonsaba-Mugabo-Deo/lib/verifyToken.js","statementMap":{"0":{"start":{"line":3,"column":0},"end":{"line":5,"column":3}},"1":{"start":{"line":6,"column":0},"end":{"line":6,"column":28}},"2":{"start":{"line":8,"column":20},"end":{"line":8,"column":67}},"3":{"start":{"line":10,"column":39},"end":{"line":10,"column":95}},"4":{"start":{"line":12,"column":18},"end":{"line":24,"column":1}},"5":{"start":{"line":13,"column":17},"end":{"line":13,"column":41}},"6":{"start":{"line":14,"column":2},"end":{"line":14,"column":62}},"7":{"start":{"line":14,"column":17},"end":{"line":14,"column":62}},"8":{"start":{"line":16,"column":2},"end":{"line":23,"column":3}},"9":{"start":{"line":17,"column":22},"end":{"line":17,"column":86}},"10":{"start":{"line":19,"column":4},"end":{"line":19,"column":34}},"11":{"start":{"line":20,"column":4},"end":{"line":20,"column":11}},"12":{"start":{"line":22,"column":4},"end":{"line":22,"column":42}},"13":{"start":{"line":26,"column":15},"end":{"line":26,"column":26}},"14":{"start":{"line":27,"column":0},"end":{"line":27,"column":30}}},"fnMap":{"0":{"name":"_interopRequireDefault","decl":{"start":{"line":10,"column":9},"end":{"line":10,"column":31}},"loc":{"start":{"line":10,"column":37},"end":{"line":10,"column":97}},"line":10},"1":{"name":"VerifyToken","decl":{"start":{"line":12,"column":27},"end":{"line":12,"column":38}},"loc":{"start":{"line":12,"column":55},"end":{"line":24,"column":1}},"line":12}},"branchMap":{"0":{"loc":{"start":{"line":10,"column":46},"end":{"line":10,"column":94}},"type":"cond-expr","locations":[{"start":{"line":10,"column":70},"end":{"line":10,"column":73}},{"start":{"line":10,"column":76},"end":{"line":10,"column":94}}],"line":10},"1":{"loc":{"start":{"line":10,"column":46},"end":{"line":10,"column":67}},"type":"binary-expr","locations":[{"start":{"line":10,"column":46},"end":{"line":10,"column":49}},{"start":{"line":10,"column":53},"end":{"line":10,"column":67}}],"line":10},"2":{"loc":{"start":{"line":14,"column":2},"end":{"line":14,"column":62}},"type":"if","locations":[{"start":{"line":14,"column":2},"end":{"line":14,"column":62}},{"start":{"line":14,"column":2},"end":{"line":14,"column":62}}],"line":14}},"s":{"0":1,"1":1,"2":1,"3":1,"4":1,"5":24,"6":24,"7":0,"8":24,"9":24,"10":24,"11":24,"12":0,"13":1,"14":1},"f":{"0":1,"1":24},"b":{"0":[0,1],"1":[1,1],"2":[0,24]},"inputSourceMap":{"version":3,"sources":["verifyToken.js"],"names":["VerifyToken","req","res","next","getToken","header","status","send","verifyToken","jwt","verify","process","env","TOKEN_KEY","currentUser","err"],"mappings":";;;;;;;AAAA;;;;AAGA,IAAMA,WAAW,GAAC,SAAZA,WAAY,CAACC,GAAD,EAAKC,GAAL,EAASC,IAAT,EAAgB;AAC9B,MAAMC,QAAQ,GAACH,GAAG,CAACI,MAAJ,CAAW,YAAX,CAAf;AACA,MAAG,CAACD,QAAJ,EAAc,OAAOF,GAAG,CAACI,MAAJ,CAAW,GAAX,EAAgBC,IAAhB,CAAqB,eAArB,CAAP;;AAEd,MAAG;AACC,QAAMC,WAAW,GAACC,yBAAIC,MAAJ,CAAWN,QAAX,EAAoBO,OAAO,CAACC,GAAR,CAAYC,SAAhC,CAAlB;;AACAZ,IAAAA,GAAG,CAACa,WAAJ,GAAiBN,WAAjB;AACAL,IAAAA,IAAI;AACP,GAJD,CAIC,OAAMY,GAAN,EAAU;AACPb,IAAAA,GAAG,CAACI,MAAJ,CAAW,GAAX,EAAgBC,IAAhB,CAAqB,eAArB;AACH;AACJ,CAXD;;eAYeP,W","sourceRoot":"/Users/mugabodeo/Documents/repos/myBlog/Niyonsaba-Mugabo-Deo/lib/","sourcesContent":["import jwt from 'jsonwebtoken'\n\n\nconst VerifyToken=(req,res,next)=>{\n    const getToken=req.header('auth-token')\n    if(!getToken) return res.status(401).send('access denied')\n    \n    try{\n        const verifyToken=jwt.verify(getToken,process.env.TOKEN_KEY)\n        req.currentUser =verifyToken\n        next()\n    }catch(err){\n        res.status(400).send('Invalid Token')\n    }\n}\nexport default VerifyToken"]},"_coverageSchema":"1a1c01bbd47fc00a2c39e90264f33305004495a9","hash":"de04246089f7b147ebb8d822089379d87dbb4c66","contentHash":"b3276b651d37bb4861691462a5bbc621600c49c52279ea9c59caf7301083ce0b"},"/Users/mugabodeo/Documents/repos/myBlog/Niyonsaba-Mugabo-Deo/models/comment.js":{"path":"/Users/mugabodeo/Documents/repos/myBlog/Niyonsaba-Mugabo-Deo/models/comment.js","statementMap":{"0":{"start":{"line":3,"column":0},"end":{"line":5,"column":3}},"1":{"start":{"line":6,"column":0},"end":{"line":6,"column":28}},"2":{"start":{"line":8,"column":16},"end":{"line":8,"column":59}},"3":{"start":{"line":10,"column":17},"end":{"line":10,"column":61}},"4":{"start":{"line":12,"column":39},"end":{"line":12,"column":95}},"5":{"start":{"line":14,"column":20},"end":{"line":36,"column":2}},"6":{"start":{"line":24,"column":6},"end":{"line":24,"column":50}},"7":{"start":{"line":38,"column":15},"end":{"line":38,"column":79}},"8":{"start":{"line":40,"column":0},"end":{"line":40,"column":30}}},"fnMap":{"0":{"name":"_interopRequireDefault","decl":{"start":{"line":12,"column":9},"end":{"line":12,"column":31}},"loc":{"start":{"line":12,"column":37},"end":{"line":12,"column":97}},"line":12},"1":{"name":"validate","decl":{"start":{"line":23,"column":23},"end":{"line":23,"column":31}},"loc":{"start":{"line":23,"column":39},"end":{"line":25,"column":5}},"line":23}},"branchMap":{"0":{"loc":{"start":{"line":12,"column":46},"end":{"line":12,"column":94}},"type":"cond-expr","locations":[{"start":{"line":12,"column":70},"end":{"line":12,"column":73}},{"start":{"line":12,"column":76},"end":{"line":12,"column":94}}],"line":12},"1":{"loc":{"start":{"line":12,"column":46},"end":{"line":12,"column":67}},"type":"binary-expr","locations":[{"start":{"line":12,"column":46},"end":{"line":12,"column":49}},{"start":{"line":12,"column":53},"end":{"line":12,"column":67}}],"line":12}},"s":{"0":1,"1":1,"2":1,"3":1,"4":2,"5":1,"6":1,"7":1,"8":1},"f":{"0":2,"1":1},"b":{"0":[0,2],"1":[2,2]},"inputSourceMap":{"version":3,"sources":["comment.js"],"names":["commentSchema","Mongoose","Schema","name","type","String","required","email","isAsync","validate","validator","isEmail","message","comment","createdAt","Date","now","model"],"mappings":";;;;;;;AAAA;;AACA;;;;AAEA,IAAMA,aAAa,GAAG,IAAIC,qBAASC,MAAb,CAAoB;AACxCC,EAAAA,IAAI,EAAE;AACJC,IAAAA,IAAI,EAAEC,MADF;AAEJC,IAAAA,QAAQ,EAAE;AAFN,GADkC;AAKxCC,EAAAA,KAAK,EAAE;AACLH,IAAAA,IAAI,EAAEC,MADD;AAELC,IAAAA,QAAQ,EAAE,IAFL;AAGLE,IAAAA,OAAO,EAAE,IAHJ;AAILC,IAAAA,QAAQ,EAAE,kBAAUF,KAAV,EAAiB;AACzB,aAAOG,sBAAUC,OAAV,CAAkBJ,KAAlB,CAAP;AACD,KANI;AAOLK,IAAAA,OAAO,EAAE;AAPJ,GALiC;AAcxCC,EAAAA,OAAO,EAAE;AACPT,IAAAA,IAAI,EAAEC,MADC;AAEPC,IAAAA,QAAQ,EAAE;AAFH,GAd+B;AAkBxCQ,EAAAA,SAAS,EAAE;AACTV,IAAAA,IAAI,EAAEW,IADG;AAET,eAASA,IAAI,CAACC,GAAL;AAFA;AAlB6B,CAApB,CAAtB;;eAwBef,qBAASgB,KAAT,CAAe,SAAf,EAA0BjB,aAA1B,EAAyC,UAAzC,C","sourceRoot":"/Users/mugabodeo/Documents/repos/myBlog/Niyonsaba-Mugabo-Deo/models/","sourcesContent":["import Mongoose from \"mongoose\"\nimport validator from \"validator\";\n\nconst commentSchema = new Mongoose.Schema({\n  name: {\n    type: String,\n    required: true\n  },\n  email: {\n    type: String,\n    required: true,\n    isAsync: true,\n    validate: function (email) {\n      return validator.isEmail(email);\n    },\n    message: \"{email} is not a valid email!\"\n  },\n  comment: {\n    type: String,\n    required: true\n  },\n  createdAt: {\n    type: Date,\n    default: Date.now()\n  },\n});\n\nexport default Mongoose.model(\"Comment\", commentSchema, \"comments\");"]},"_coverageSchema":"1a1c01bbd47fc00a2c39e90264f33305004495a9","hash":"c23b97134b1499b3710722947d9640bc63f664d5","contentHash":"767d6fbb2702846c5a8b731f1b259afc84090799c5981ba4bb32694cb5b6cfc5"},"/Users/mugabodeo/Documents/repos/myBlog/Niyonsaba-Mugabo-Deo/routes/queries.js":{"path":"/Users/mugabodeo/Documents/repos/myBlog/Niyonsaba-Mugabo-Deo/routes/queries.js","statementMap":{"0":{"start":{"line":3,"column":0},"end":{"line":5,"column":3}},"1":{"start":{"line":6,"column":0},"end":{"line":6,"column":28}},"2":{"start":{"line":8,"column":15},"end":{"line":8,"column":57}},"3":{"start":{"line":10,"column":14},"end":{"line":10,"column":65}},"4":{"start":{"line":12,"column":19},"end":{"line":12,"column":72}},"5":{"start":{"line":14,"column":39},"end":{"line":14,"column":95}},"6":{"start":{"line":16,"column":77},"end":{"line":16,"column":175}},"7":{"start":{"line":16,"column":94},"end":{"line":16,"column":107}},"8":{"start":{"line":16,"column":121},"end":{"line":16,"column":131}},"9":{"start":{"line":16,"column":151},"end":{"line":16,"column":165}},"10":{"start":{"line":16,"column":166},"end":{"line":16,"column":173}},"11":{"start":{"line":16,"column":176},"end":{"line":16,"column":263}},"12":{"start":{"line":16,"column":193},"end":{"line":16,"column":208}},"13":{"start":{"line":16,"column":218},"end":{"line":16,"column":261}},"14":{"start":{"line":18,"column":33},"end":{"line":18,"column":387}},"15":{"start":{"line":18,"column":65},"end":{"line":18,"column":69}},"16":{"start":{"line":18,"column":78},"end":{"line":18,"column":87}},"17":{"start":{"line":18,"column":89},"end":{"line":18,"column":384}},"18":{"start":{"line":18,"column":147},"end":{"line":18,"column":167}},"19":{"start":{"line":18,"column":193},"end":{"line":18,"column":264}},"20":{"start":{"line":18,"column":290},"end":{"line":18,"column":360}},"21":{"start":{"line":18,"column":363},"end":{"line":18,"column":380}},"22":{"start":{"line":20,"column":19},"end":{"line":20,"column":47}},"23":{"start":{"line":23,"column":0},"end":{"line":58,"column":5}},"24":{"start":{"line":24,"column":13},"end":{"line":53,"column":5}},"25":{"start":{"line":26,"column":4},"end":{"line":52,"column":32}},"26":{"start":{"line":27,"column":6},"end":{"line":51,"column":7}},"27":{"start":{"line":28,"column":8},"end":{"line":50,"column":9}},"28":{"start":{"line":30,"column":12},"end":{"line":30,"column":30}},"29":{"start":{"line":31,"column":12},"end":{"line":31,"column":30}},"30":{"start":{"line":32,"column":12},"end":{"line":32,"column":45}},"31":{"start":{"line":35,"column":12},"end":{"line":35,"column":39}},"32":{"start":{"line":36,"column":12},"end":{"line":36,"column":33}},"33":{"start":{"line":37,"column":12},"end":{"line":37,"column":31}},"34":{"start":{"line":38,"column":12},"end":{"line":38,"column":18}},"35":{"start":{"line":41,"column":12},"end":{"line":41,"column":30}},"36":{"start":{"line":42,"column":12},"end":{"line":42,"column":47}},"37":{"start":{"line":43,"column":12},"end":{"line":45,"column":15}},"38":{"start":{"line":49,"column":12},"end":{"line":49,"column":35}},"39":{"start":{"line":55,"column":2},"end":{"line":57,"column":4}},"40":{"start":{"line":56,"column":4},"end":{"line":56,"column":39}},"41":{"start":{"line":60,"column":0},"end":{"line":100,"column":5}},"42":{"start":{"line":61,"column":14},"end":{"line":95,"column":5}},"43":{"start":{"line":63,"column":4},"end":{"line":94,"column":33}},"44":{"start":{"line":64,"column":6},"end":{"line":93,"column":7}},"45":{"start":{"line":65,"column":8},"end":{"line":92,"column":9}},"46":{"start":{"line":67,"column":12},"end":{"line":71,"column":15}},"47":{"start":{"line":72,"column":12},"end":{"line":72,"column":31}},"48":{"start":{"line":73,"column":12},"end":{"line":73,"column":31}},"49":{"start":{"line":74,"column":12},"end":{"line":74,"column":35}},"50":{"start":{"line":77,"column":12},"end":{"line":77,"column":40}},"51":{"start":{"line":78,"column":12},"end":{"line":78,"column":33}},"52":{"start":{"line":79,"column":12},"end":{"line":79,"column":32}},"53":{"start":{"line":80,"column":12},"end":{"line":80,"column":18}},"54":{"start":{"line":83,"column":12},"end":{"line":83,"column":31}},"55":{"start":{"line":84,"column":12},"end":{"line":84,"column":49}},"56":{"start":{"line":85,"column":12},"end":{"line":87,"column":15}},"57":{"start":{"line":91,"column":12},"end":{"line":91,"column":36}},"58":{"start":{"line":97,"column":2},"end":{"line":99,"column":4}},"59":{"start":{"line":98,"column":4},"end":{"line":98,"column":40}},"60":{"start":{"line":101,"column":15},"end":{"line":101,"column":27}},"61":{"start":{"line":102,"column":0},"end":{"line":102,"column":30}}},"fnMap":{"0":{"name":"_interopRequireDefault","decl":{"start":{"line":14,"column":9},"end":{"line":14,"column":31}},"loc":{"start":{"line":14,"column":37},"end":{"line":14,"column":97}},"line":14},"1":{"name":"asyncGeneratorStep","decl":{"start":{"line":16,"column":9},"end":{"line":16,"column":27}},"loc":{"start":{"line":16,"column":75},"end":{"line":16,"column":265}},"line":16},"2":{"name":"_asyncToGenerator","decl":{"start":{"line":18,"column":9},"end":{"line":18,"column":26}},"loc":{"start":{"line":18,"column":31},"end":{"line":18,"column":389}},"line":18},"3":{"name":"(anonymous_3)","decl":{"start":{"line":18,"column":40},"end":{"line":18,"column":41}},"loc":{"start":{"line":18,"column":52},"end":{"line":18,"column":386}},"line":18},"4":{"name":"(anonymous_4)","decl":{"start":{"line":18,"column":108},"end":{"line":18,"column":109}},"loc":{"start":{"line":18,"column":135},"end":{"line":18,"column":382}},"line":18},"5":{"name":"_next","decl":{"start":{"line":18,"column":178},"end":{"line":18,"column":183}},"loc":{"start":{"line":18,"column":191},"end":{"line":18,"column":266}},"line":18},"6":{"name":"_throw","decl":{"start":{"line":18,"column":276},"end":{"line":18,"column":282}},"loc":{"start":{"line":18,"column":288},"end":{"line":18,"column":362}},"line":18},"7":{"name":"(anonymous_7)","decl":{"start":{"line":23,"column":60},"end":{"line":23,"column":61}},"loc":{"start":{"line":23,"column":72},"end":{"line":58,"column":1}},"line":23},"8":{"name":"_callee","decl":{"start":{"line":24,"column":78},"end":{"line":24,"column":85}},"loc":{"start":{"line":24,"column":96},"end":{"line":53,"column":3}},"line":24},"9":{"name":"_callee$","decl":{"start":{"line":26,"column":44},"end":{"line":26,"column":52}},"loc":{"start":{"line":26,"column":63},"end":{"line":52,"column":5}},"line":26},"10":{"name":"(anonymous_10)","decl":{"start":{"line":55,"column":9},"end":{"line":55,"column":10}},"loc":{"start":{"line":55,"column":28},"end":{"line":57,"column":3}},"line":55},"11":{"name":"(anonymous_11)","decl":{"start":{"line":60,"column":36},"end":{"line":60,"column":37}},"loc":{"start":{"line":60,"column":48},"end":{"line":100,"column":1}},"line":60},"12":{"name":"_callee2","decl":{"start":{"line":61,"column":79},"end":{"line":61,"column":87}},"loc":{"start":{"line":61,"column":98},"end":{"line":95,"column":3}},"line":61},"13":{"name":"_callee2$","decl":{"start":{"line":63,"column":44},"end":{"line":63,"column":53}},"loc":{"start":{"line":63,"column":65},"end":{"line":94,"column":5}},"line":63},"14":{"name":"(anonymous_14)","decl":{"start":{"line":97,"column":9},"end":{"line":97,"column":10}},"loc":{"start":{"line":97,"column":29},"end":{"line":99,"column":3}},"line":97}},"branchMap":{"0":{"loc":{"start":{"line":14,"column":46},"end":{"line":14,"column":94}},"type":"cond-expr","locations":[{"start":{"line":14,"column":70},"end":{"line":14,"column":73}},{"start":{"line":14,"column":76},"end":{"line":14,"column":94}}],"line":14},"1":{"loc":{"start":{"line":14,"column":46},"end":{"line":14,"column":67}},"type":"binary-expr","locations":[{"start":{"line":14,"column":46},"end":{"line":14,"column":49}},{"start":{"line":14,"column":53},"end":{"line":14,"column":67}}],"line":14},"2":{"loc":{"start":{"line":16,"column":176},"end":{"line":16,"column":263}},"type":"if","locations":[{"start":{"line":16,"column":176},"end":{"line":16,"column":263}},{"start":{"line":16,"column":176},"end":{"line":16,"column":263}}],"line":16},"3":{"loc":{"start":{"line":28,"column":8},"end":{"line":50,"column":9}},"type":"switch","locations":[{"start":{"line":29,"column":10},"end":{"line":32,"column":45}},{"start":{"line":34,"column":10},"end":{"line":38,"column":18}},{"start":{"line":40,"column":10},"end":{"line":45,"column":15}},{"start":{"line":47,"column":10},"end":{"line":47,"column":18}},{"start":{"line":48,"column":10},"end":{"line":49,"column":35}}],"line":28},"4":{"loc":{"start":{"line":65,"column":8},"end":{"line":92,"column":9}},"type":"switch","locations":[{"start":{"line":66,"column":10},"end":{"line":74,"column":35}},{"start":{"line":76,"column":10},"end":{"line":80,"column":18}},{"start":{"line":82,"column":10},"end":{"line":87,"column":15}},{"start":{"line":89,"column":10},"end":{"line":89,"column":18}},{"start":{"line":90,"column":10},"end":{"line":91,"column":36}}],"line":65}},"s":{"0":1,"1":1,"2":1,"3":1,"4":1,"5":3,"6":4,"7":4,"8":4,"9":0,"10":0,"11":4,"12":2,"13":2,"14":2,"15":2,"16":2,"17":2,"18":2,"19":4,"20":0,"21":2,"22":1,"23":1,"24":1,"25":1,"26":2,"27":3,"28":1,"29":1,"30":1,"31":1,"32":1,"33":1,"34":1,"35":0,"36":0,"37":0,"38":1,"39":1,"40":1,"41":1,"42":1,"43":1,"44":2,"45":3,"46":1,"47":1,"48":1,"49":1,"50":1,"51":1,"52":1,"53":1,"54":0,"55":0,"56":0,"57":1,"58":1,"59":1,"60":1,"61":1},"f":{"0":3,"1":4,"2":2,"3":2,"4":2,"5":4,"6":0,"7":1,"8":1,"9":2,"10":1,"11":1,"12":1,"13":2,"14":1},"b":{"0":[2,1],"1":[3,3],"2":[2,2],"3":[1,1,0,1,1],"4":[1,1,0,1,1]},"inputSourceMap":{"version":3,"sources":["queries.js"],"names":["querieRouter","express","Router","get","VerifyToken","req","res","Querie","find","allQueries","json","message","post","newQuery","email","body","name","subject","save","savedQuery"],"mappings":";;;;;;;AAAA;;AACA;;AACA;;;;;;;;AAEA,IAAMA,YAAY,GAAGC,oBAAQC,MAAR,EAArB,C,CAEA;;;AACAF,YAAY,CAACG,GAAb,CAAiB,GAAjB,EAAsBC,uBAAtB;AAAA,qEAAmC,iBAAOC,GAAP,EAAYC,GAAZ;AAAA;AAAA;AAAA;AAAA;AAAA;AAAA;AAAA;AAAA,mBAENC,mBAAOC,IAAP,EAFM;;AAAA;AAEzBC,YAAAA,UAFyB;AAG/BH,YAAAA,GAAG,CAACI,IAAJ,CAASD,UAAT;AAH+B;AAAA;;AAAA;AAAA;AAAA;AAK/BH,YAAAA,GAAG,CAACI,IAAJ,CAAS;AAAEC,cAAAA,OAAO;AAAT,aAAT;;AAL+B;AAAA;AAAA;AAAA;AAAA;AAAA;AAAA,GAAnC;;AAAA;AAAA;AAAA;AAAA,K,CASA;;AAEAX,YAAY,CAACY,IAAb,CAAkB,GAAlB;AAAA,sEAAuB,kBAAOP,GAAP,EAAYC,GAAZ;AAAA;AAAA;AAAA;AAAA;AAAA;AACfO,YAAAA,QADe,GACJ,IAAIN,kBAAJ,CAAW;AAC1BO,cAAAA,KAAK,EAAET,GAAG,CAACU,IAAJ,CAASD,KADU;AAE1BE,cAAAA,IAAI,EAAEX,GAAG,CAACU,IAAJ,CAASC,IAFW;AAG1BC,cAAAA,OAAO,EAAEZ,GAAG,CAACU,IAAJ,CAASE;AAHQ,aAAX,CADI;AAAA;AAAA;AAAA,mBAOMJ,QAAQ,CAACK,IAAT,EAPN;;AAAA;AAObC,YAAAA,UAPa;AAQnBb,YAAAA,GAAG,CAACI,IAAJ,CAASS,UAAT;AARmB;AAAA;;AAAA;AAAA;AAAA;AAUnBb,YAAAA,GAAG,CAACI,IAAJ,CAAS;AAAEC,cAAAA,OAAO;AAAT,aAAT;;AAVmB;AAAA;AAAA;AAAA;AAAA;AAAA;AAAA,GAAvB;;AAAA;AAAA;AAAA;AAAA;eAceX,Y","sourceRoot":"/Users/mugabodeo/Documents/repos/myBlog/Niyonsaba-Mugabo-Deo/routes/","sourcesContent":["import express from \"express\";\nimport Querie from \"../models/querie\";\nimport VerifyToken from \"../lib/verifyToken\";\n\nconst querieRouter = express.Router();\n\n//view all queries\nquerieRouter.get(\"/\", VerifyToken, async (req, res) => {\n  try {\n    const allQueries = await Querie.find();\n    res.json(allQueries);\n  } catch (err) {\n    res.json({ message: err });\n  }\n});\n\n//save a querie to Db\n\nquerieRouter.post(\"/\", async (req, res) => {\n  const newQuery = new Querie({\n    email: req.body.email,\n    name: req.body.name,\n    subject: req.body.subject,\n  });\n  try {\n    const savedQuery = await newQuery.save();\n    res.json(savedQuery);\n  } catch (err) {\n    res.json({ message: err });\n  }\n});\n\nexport default querieRouter;\n"]},"_coverageSchema":"1a1c01bbd47fc00a2c39e90264f33305004495a9","hash":"8c425c81133fbb3c2b473973296055a1827ca545","contentHash":"ded8e4d9a51c212464550fcc4796daead3c793ba412edac4e94b165a64591972"},"/Users/mugabodeo/Documents/repos/myBlog/Niyonsaba-Mugabo-Deo/models/querie.js":{"path":"/Users/mugabodeo/Documents/repos/myBlog/Niyonsaba-Mugabo-Deo/models/querie.js","statementMap":{"0":{"start":{"line":3,"column":0},"end":{"line":5,"column":3}},"1":{"start":{"line":6,"column":0},"end":{"line":6,"column":28}},"2":{"start":{"line":8,"column":16},"end":{"line":8,"column":59}},"3":{"start":{"line":10,"column":17},"end":{"line":10,"column":61}},"4":{"start":{"line":12,"column":39},"end":{"line":12,"column":95}},"5":{"start":{"line":14,"column":20},"end":{"line":36,"column":2}},"6":{"start":{"line":20,"column":6},"end":{"line":20,"column":50}},"7":{"start":{"line":38,"column":15},"end":{"line":38,"column":77}},"8":{"start":{"line":40,"column":0},"end":{"line":40,"column":30}}},"fnMap":{"0":{"name":"_interopRequireDefault","decl":{"start":{"line":12,"column":9},"end":{"line":12,"column":31}},"loc":{"start":{"line":12,"column":37},"end":{"line":12,"column":97}},"line":12},"1":{"name":"validate","decl":{"start":{"line":19,"column":23},"end":{"line":19,"column":31}},"loc":{"start":{"line":19,"column":39},"end":{"line":21,"column":5}},"line":19}},"branchMap":{"0":{"loc":{"start":{"line":12,"column":46},"end":{"line":12,"column":94}},"type":"cond-expr","locations":[{"start":{"line":12,"column":70},"end":{"line":12,"column":73}},{"start":{"line":12,"column":76},"end":{"line":12,"column":94}}],"line":12},"1":{"loc":{"start":{"line":12,"column":46},"end":{"line":12,"column":67}},"type":"binary-expr","locations":[{"start":{"line":12,"column":46},"end":{"line":12,"column":49}},{"start":{"line":12,"column":53},"end":{"line":12,"column":67}}],"line":12}},"s":{"0":1,"1":1,"2":1,"3":1,"4":2,"5":1,"6":1,"7":1,"8":1},"f":{"0":2,"1":1},"b":{"0":[0,2],"1":[2,2]},"inputSourceMap":{"version":3,"sources":["querie.js"],"names":["queriesSchema","Mongoose","Schema","email","type","String","required","isAsync","validate","validator","isEmail","message","name","subject","createdAt","Date","now","model"],"mappings":";;;;;;;AAAA;;AACA;;;;AAEA,IAAMA,aAAa,GAACC,qBAASC,MAAT,CAAgB;AAChCC,EAAAA,KAAK,EAAC;AACFC,IAAAA,IAAI,EAACC,MADH;AAEFC,IAAAA,QAAQ,EAAC,IAFP;AAGFC,IAAAA,OAAO,EAAE,IAHP;AAIFC,IAAAA,QAAQ,EAAC,kBAASL,KAAT,EAAe;AACpB,aAAOM,sBAAUC,OAAV,CAAkBP,KAAlB,CAAP;AACH,KANC;AAOFQ,IAAAA,OAAO,EAAE;AAPP,GAD0B;AAUhCC,EAAAA,IAAI,EAAC;AACDR,IAAAA,IAAI,EAACC,MADJ;AAEDC,IAAAA,QAAQ,EAAC;AAFR,GAV2B;AAchCO,EAAAA,OAAO,EAAC;AACJT,IAAAA,IAAI,EAACC,MADD;AAEJC,IAAAA,QAAQ,EAAC;AAFL,GAdwB;AAkBhCQ,EAAAA,SAAS,EAAC;AACNV,IAAAA,IAAI,EAACW,IADC;AAEN,eAAQA,IAAI,CAACC,GAAL;AAFF;AAlBsB,CAAhB,CAApB;;eAwBef,qBAASgB,KAAT,CAAe,QAAf,EAAwBjB,aAAxB,EAAsC,SAAtC,C","sourceRoot":"/Users/mugabodeo/Documents/repos/myBlog/Niyonsaba-Mugabo-Deo/models/","sourcesContent":["import Mongoose from \"mongoose\"\nimport validator from 'validator';\n\nconst queriesSchema=Mongoose.Schema({\n    email:{\n        type:String,\n        required:true,\n        isAsync: true,\n        validate:function(email){\n            return validator.isEmail(email);\n        },\n        message: '{email} is not a valid email!'\n    },\n    name:{\n        type:String,\n        required:true\n    },   \n    subject:{\n        type:String,\n        required:true\n    },\n    createdAt:{\n        type:Date,\n        default:Date.now()\n    }\n})\n\nexport default Mongoose.model('Querie',queriesSchema,'queries')"]},"_coverageSchema":"1a1c01bbd47fc00a2c39e90264f33305004495a9","hash":"549de53d06fe5646375aa8ef691a9bd4d5666af7","contentHash":"c582e7a9f9e94f532060237d334a636d2a6aa47fc30bdd06e1baed95ff933828"},"/Users/mugabodeo/Documents/repos/myBlog/Niyonsaba-Mugabo-Deo/routes/userProfile.js":{"path":"/Users/mugabodeo/Documents/repos/myBlog/Niyonsaba-Mugabo-Deo/routes/userProfile.js","statementMap":{"0":{"start":{"line":3,"column":0},"end":{"line":5,"column":3}},"1":{"start":{"line":6,"column":0},"end":{"line":6,"column":28}},"2":{"start":{"line":8,"column":15},"end":{"line":8,"column":57}},"3":{"start":{"line":10,"column":16},"end":{"line":10,"column":69}},"4":{"start":{"line":12,"column":39},"end":{"line":12,"column":95}},"5":{"start":{"line":14,"column":77},"end":{"line":14,"column":175}},"6":{"start":{"line":14,"column":94},"end":{"line":14,"column":107}},"7":{"start":{"line":14,"column":121},"end":{"line":14,"column":131}},"8":{"start":{"line":14,"column":151},"end":{"line":14,"column":165}},"9":{"start":{"line":14,"column":166},"end":{"line":14,"column":173}},"10":{"start":{"line":14,"column":176},"end":{"line":14,"column":263}},"11":{"start":{"line":14,"column":193},"end":{"line":14,"column":208}},"12":{"start":{"line":14,"column":218},"end":{"line":14,"column":261}},"13":{"start":{"line":16,"column":33},"end":{"line":16,"column":387}},"14":{"start":{"line":16,"column":65},"end":{"line":16,"column":69}},"15":{"start":{"line":16,"column":78},"end":{"line":16,"column":87}},"16":{"start":{"line":16,"column":89},"end":{"line":16,"column":384}},"17":{"start":{"line":16,"column":147},"end":{"line":16,"column":167}},"18":{"start":{"line":16,"column":193},"end":{"line":16,"column":264}},"19":{"start":{"line":16,"column":290},"end":{"line":16,"column":360}},"20":{"start":{"line":16,"column":363},"end":{"line":16,"column":380}},"21":{"start":{"line":18,"column":21},"end":{"line":18,"column":49}},"22":{"start":{"line":21,"column":0},"end":{"line":40,"column":5}},"23":{"start":{"line":22,"column":13},"end":{"line":35,"column":5}},"24":{"start":{"line":23,"column":4},"end":{"line":34,"column":16}},"25":{"start":{"line":24,"column":6},"end":{"line":33,"column":7}},"26":{"start":{"line":25,"column":8},"end":{"line":32,"column":9}},"27":{"start":{"line":27,"column":12},"end":{"line":27,"column":103}},"28":{"start":{"line":31,"column":12},"end":{"line":31,"column":35}},"29":{"start":{"line":37,"column":2},"end":{"line":39,"column":4}},"30":{"start":{"line":38,"column":4},"end":{"line":38,"column":39}},"31":{"start":{"line":41,"column":0},"end":{"line":76,"column":5}},"32":{"start":{"line":42,"column":14},"end":{"line":71,"column":5}},"33":{"start":{"line":44,"column":4},"end":{"line":70,"column":33}},"34":{"start":{"line":45,"column":6},"end":{"line":69,"column":7}},"35":{"start":{"line":46,"column":8},"end":{"line":68,"column":9}},"36":{"start":{"line":48,"column":12},"end":{"line":48,"column":31}},"37":{"start":{"line":49,"column":12},"end":{"line":49,"column":31}},"38":{"start":{"line":50,"column":12},"end":{"line":50,"column":132}},"39":{"start":{"line":53,"column":12},"end":{"line":53,"column":37}},"40":{"start":{"line":54,"column":12},"end":{"line":54,"column":30}},"41":{"start":{"line":55,"column":12},"end":{"line":55,"column":32}},"42":{"start":{"line":56,"column":12},"end":{"line":56,"column":18}},"43":{"start":{"line":59,"column":12},"end":{"line":59,"column":31}},"44":{"start":{"line":60,"column":12},"end":{"line":60,"column":49}},"45":{"start":{"line":61,"column":12},"end":{"line":63,"column":15}},"46":{"start":{"line":67,"column":12},"end":{"line":67,"column":36}},"47":{"start":{"line":73,"column":2},"end":{"line":75,"column":4}},"48":{"start":{"line":74,"column":4},"end":{"line":74,"column":40}},"49":{"start":{"line":77,"column":15},"end":{"line":77,"column":29}},"50":{"start":{"line":78,"column":0},"end":{"line":78,"column":30}}},"fnMap":{"0":{"name":"_interopRequireDefault","decl":{"start":{"line":12,"column":9},"end":{"line":12,"column":31}},"loc":{"start":{"line":12,"column":37},"end":{"line":12,"column":97}},"line":12},"1":{"name":"asyncGeneratorStep","decl":{"start":{"line":14,"column":9},"end":{"line":14,"column":27}},"loc":{"start":{"line":14,"column":75},"end":{"line":14,"column":265}},"line":14},"2":{"name":"_asyncToGenerator","decl":{"start":{"line":16,"column":9},"end":{"line":16,"column":26}},"loc":{"start":{"line":16,"column":31},"end":{"line":16,"column":389}},"line":16},"3":{"name":"(anonymous_3)","decl":{"start":{"line":16,"column":40},"end":{"line":16,"column":41}},"loc":{"start":{"line":16,"column":52},"end":{"line":16,"column":386}},"line":16},"4":{"name":"(anonymous_4)","decl":{"start":{"line":16,"column":108},"end":{"line":16,"column":109}},"loc":{"start":{"line":16,"column":135},"end":{"line":16,"column":382}},"line":16},"5":{"name":"_next","decl":{"start":{"line":16,"column":178},"end":{"line":16,"column":183}},"loc":{"start":{"line":16,"column":191},"end":{"line":16,"column":266}},"line":16},"6":{"name":"_throw","decl":{"start":{"line":16,"column":276},"end":{"line":16,"column":282}},"loc":{"start":{"line":16,"column":288},"end":{"line":16,"column":362}},"line":16},"7":{"name":"(anonymous_7)","decl":{"start":{"line":21,"column":37},"end":{"line":21,"column":38}},"loc":{"start":{"line":21,"column":49},"end":{"line":40,"column":1}},"line":21},"8":{"name":"_callee","decl":{"start":{"line":22,"column":78},"end":{"line":22,"column":85}},"loc":{"start":{"line":22,"column":96},"end":{"line":35,"column":3}},"line":22},"9":{"name":"_callee$","decl":{"start":{"line":23,"column":44},"end":{"line":23,"column":52}},"loc":{"start":{"line":23,"column":63},"end":{"line":34,"column":5}},"line":23},"10":{"name":"(anonymous_10)","decl":{"start":{"line":37,"column":9},"end":{"line":37,"column":10}},"loc":{"start":{"line":37,"column":28},"end":{"line":39,"column":3}},"line":37},"11":{"name":"(anonymous_11)","decl":{"start":{"line":41,"column":40},"end":{"line":41,"column":41}},"loc":{"start":{"line":41,"column":52},"end":{"line":76,"column":1}},"line":41},"12":{"name":"_callee2","decl":{"start":{"line":42,"column":79},"end":{"line":42,"column":87}},"loc":{"start":{"line":42,"column":98},"end":{"line":71,"column":3}},"line":42},"13":{"name":"_callee2$","decl":{"start":{"line":44,"column":44},"end":{"line":44,"column":53}},"loc":{"start":{"line":44,"column":65},"end":{"line":70,"column":5}},"line":44},"14":{"name":"(anonymous_14)","decl":{"start":{"line":73,"column":9},"end":{"line":73,"column":10}},"loc":{"start":{"line":73,"column":29},"end":{"line":75,"column":3}},"line":73}},"branchMap":{"0":{"loc":{"start":{"line":12,"column":46},"end":{"line":12,"column":94}},"type":"cond-expr","locations":[{"start":{"line":12,"column":70},"end":{"line":12,"column":73}},{"start":{"line":12,"column":76},"end":{"line":12,"column":94}}],"line":12},"1":{"loc":{"start":{"line":12,"column":46},"end":{"line":12,"column":67}},"type":"binary-expr","locations":[{"start":{"line":12,"column":46},"end":{"line":12,"column":49}},{"start":{"line":12,"column":53},"end":{"line":12,"column":67}}],"line":12},"2":{"loc":{"start":{"line":14,"column":176},"end":{"line":14,"column":263}},"type":"if","locations":[{"start":{"line":14,"column":176},"end":{"line":14,"column":263}},{"start":{"line":14,"column":176},"end":{"line":14,"column":263}}],"line":14},"3":{"loc":{"start":{"line":25,"column":8},"end":{"line":32,"column":9}},"type":"switch","locations":[{"start":{"line":26,"column":10},"end":{"line":27,"column":103}},{"start":{"line":29,"column":10},"end":{"line":29,"column":17}},{"start":{"line":30,"column":10},"end":{"line":31,"column":35}}],"line":25},"4":{"loc":{"start":{"line":46,"column":8},"end":{"line":68,"column":9}},"type":"switch","locations":[{"start":{"line":47,"column":10},"end":{"line":50,"column":132}},{"start":{"line":52,"column":10},"end":{"line":56,"column":18}},{"start":{"line":58,"column":10},"end":{"line":63,"column":15}},{"start":{"line":65,"column":10},"end":{"line":65,"column":18}},{"start":{"line":66,"column":10},"end":{"line":67,"column":36}}],"line":46}},"s":{"0":1,"1":1,"2":1,"3":1,"4":2,"5":2,"6":2,"7":2,"8":0,"9":0,"10":2,"11":1,"12":1,"13":2,"14":1,"15":1,"16":1,"17":1,"18":2,"19":0,"20":1,"21":1,"22":1,"23":1,"24":0,"25":0,"26":0,"27":0,"28":0,"29":1,"30":0,"31":1,"32":1,"33":1,"34":2,"35":3,"36":1,"37":1,"38":1,"39":1,"40":1,"41":1,"42":1,"43":0,"44":0,"45":0,"46":1,"47":1,"48":1,"49":1,"50":1},"f":{"0":2,"1":2,"2":2,"3":1,"4":1,"5":2,"6":0,"7":1,"8":0,"9":0,"10":0,"11":1,"12":1,"13":2,"14":1},"b":{"0":[0,2],"1":[2,2],"2":[1,1],"3":[0,0,0],"4":[1,1,0,1,1]},"inputSourceMap":{"version":3,"sources":["userProfile.js"],"names":["userInfoRouter","express","Router","get","req","res","json","UserInfo","find","populate","allInfo","message"],"mappings":";;;;;;;AAAA;;AACA;;;;;;;;AAEA,IAAMA,cAAc,GAAGC,oBAAQC,MAAR,EAAvB,C,CAEA;;;AAEAF,cAAc,CAACG,GAAf,CAAmB,GAAnB;AAAA,qEAAwB,iBAAOC,GAAP,EAAYC,GAAZ;AAAA;AAAA;AAAA;AAAA;AACtBA,YAAAA,GAAG,CAACC,IAAJ,CAAS,gFAAT;;AADsB;AAAA;AAAA;AAAA;AAAA;AAAA;AAAA,GAAxB;;AAAA;AAAA;AAAA;AAAA;AAGAN,cAAc,CAACG,GAAf,CAAmB,MAAnB;AAAA,sEAA2B,kBAAOC,GAAP,EAAYC,GAAZ;AAAA;AAAA;AAAA;AAAA;AAAA;AAAA;AAAA;AAAA,mBAEDE,qBAASC,IAAT,GACjBC,QADiB,CACR,iBADQ,EAEjBA,QAFiB,CAER,iBAFQ,EAGjBA,QAHiB,CAGR,kBAHQ,CAFC;;AAAA;AAEjBC,YAAAA,OAFiB;AAMvBL,YAAAA,GAAG,CAACC,IAAJ,CAASI,OAAT;AANuB;AAAA;;AAAA;AAAA;AAAA;AAQvBL,YAAAA,GAAG,CAACC,IAAJ,CAAS;AAAEK,cAAAA,OAAO;AAAT,aAAT;;AARuB;AAAA;AAAA;AAAA;AAAA;AAAA;AAAA,GAA3B;;AAAA;AAAA;AAAA;AAAA;eAceX,c","sourceRoot":"/Users/mugabodeo/Documents/repos/myBlog/Niyonsaba-Mugabo-Deo/routes/","sourcesContent":["import express from \"express\";\nimport UserInfo from \"../models/userInfo\";\n\nconst userInfoRouter = express.Router();\n\n//get all articles from mongo database\n\nuserInfoRouter.get(\"/\", async (req, res) => {\n  res.json('Welcome to my blog api, start by navigating to /api-docs to read documentation')\n})\nuserInfoRouter.get(\"/api\", async (req, res) => {\n  try {\n    const allInfo = await UserInfo.find()\n        .populate(\"projectsSection\")\n        .populate(\"servicesSection\")\n        .populate(\"educationSection\")\n    res.json(allInfo);\n  } catch (err) {\n    res.json({ message: err });\n  }\n});\n\n\n\nexport default userInfoRouter;\n"]},"_coverageSchema":"1a1c01bbd47fc00a2c39e90264f33305004495a9","hash":"304327469751d46f49c474292ee7ae3169034903","contentHash":"906ff68767ed746359d98f7a64b1a91d061d9362cb0d7e33c7a3293945f8264f"},"/Users/mugabodeo/Documents/repos/myBlog/Niyonsaba-Mugabo-Deo/models/userInfo.js":{"path":"/Users/mugabodeo/Documents/repos/myBlog/Niyonsaba-Mugabo-Deo/models/userInfo.js","statementMap":{"0":{"start":{"line":3,"column":16},"end":{"line":3,"column":59}},"1":{"start":{"line":5,"column":39},"end":{"line":5,"column":95}},"2":{"start":{"line":7,"column":21},"end":{"line":40,"column":2}},"3":{"start":{"line":42,"column":0},"end":{"line":42,"column":87}}},"fnMap":{"0":{"name":"_interopRequireDefault","decl":{"start":{"line":5,"column":9},"end":{"line":5,"column":31}},"loc":{"start":{"line":5,"column":37},"end":{"line":5,"column":97}},"line":5}},"branchMap":{"0":{"loc":{"start":{"line":5,"column":46},"end":{"line":5,"column":94}},"type":"cond-expr","locations":[{"start":{"line":5,"column":70},"end":{"line":5,"column":73}},{"start":{"line":5,"column":76},"end":{"line":5,"column":94}}],"line":5},"1":{"loc":{"start":{"line":5,"column":46},"end":{"line":5,"column":67}},"type":"binary-expr","locations":[{"start":{"line":5,"column":46},"end":{"line":5,"column":49}},{"start":{"line":5,"column":53},"end":{"line":5,"column":67}}],"line":5}},"s":{"0":1,"1":1,"2":1,"3":1},"f":{"0":1},"b":{"0":[0,1],"1":[1,1]},"inputSourceMap":{"version":3,"sources":["userInfo.js"],"names":["userInfoSchema","Mongoose","Schema","catchLine","type","String","required","fullName","meImg","projectsSection","Types","ObjectId","ref","servicesSection","educationSection","contactEmail","contactNumber","module","exports","model"],"mappings":";;AAAA;;;;AAEA,IAAMA,cAAc,GAAEC,qBAASC,MAAT,CAAgB;AAClCC,EAAAA,SAAS,EAAC;AACNC,IAAAA,IAAI,EAAEC,MADA;AAENC,IAAAA,QAAQ,EAAE;AAFJ,GADwB;AAKlCC,EAAAA,QAAQ,EAAC;AACLH,IAAAA,IAAI,EAAEC,MADD;AAELC,IAAAA,QAAQ,EAAE;AAFL,GALyB;AASlCE,EAAAA,KAAK,EAAC;AACFJ,IAAAA,IAAI,EAAEC,MADJ;AAEFC,IAAAA,QAAQ,EAAE;AAFR,GAT4B;AAalCG,EAAAA,eAAe,EAAC,CAAC;AACbL,IAAAA,IAAI,EAAEH,qBAASC,MAAT,CAAgBQ,KAAhB,CAAsBC,QADf;AACyBC,IAAAA,GAAG,EAAG;AAD/B,GAAD,CAbkB;AAgBlCC,EAAAA,eAAe,EAAC,CAAC;AACbT,IAAAA,IAAI,EAAEH,qBAASC,MAAT,CAAgBQ,KAAhB,CAAsBC,QADf;AACyBC,IAAAA,GAAG,EAAG;AAD/B,GAAD,CAhBkB;AAmBlCE,EAAAA,gBAAgB,EAAC,CAAC;AACdV,IAAAA,IAAI,EAAEH,qBAASC,MAAT,CAAgBQ,KAAhB,CAAsBC,QADd;AACwBC,IAAAA,GAAG,EAAG;AAD9B,GAAD,CAnBiB;AAsBlCG,EAAAA,YAAY,EAAC;AACTX,IAAAA,IAAI,EAAEC,MADG;AAETC,IAAAA,QAAQ,EAAE;AAFD,GAtBqB;AA0BlCU,EAAAA,aAAa,EAAC;AACVZ,IAAAA,IAAI,EAAEC,MADI;AAEVC,IAAAA,QAAQ,EAAE;AAFA;AA1BoB,CAAhB,CAAtB;;AAgCAW,MAAM,CAACC,OAAP,GAAiBjB,qBAASkB,KAAT,CAAe,UAAf,EAA2BnB,cAA3B,EAA2C,aAA3C,CAAjB","sourceRoot":"/Users/mugabodeo/Documents/repos/myBlog/Niyonsaba-Mugabo-Deo/models/","sourcesContent":["import Mongoose from \"mongoose\"\n\nconst userInfoSchema= Mongoose.Schema({\n    catchLine:{\n        type: String,\n        required: true\n    },\n    fullName:{\n        type: String,\n        required: true\n    },\n    meImg:{\n        type: String,\n        required: true\n    },\n    projectsSection:[{\n        type: Mongoose.Schema.Types.ObjectId, ref : \"Projects\"\n    }],\n    servicesSection:[{\n        type: Mongoose.Schema.Types.ObjectId, ref : \"Services\"\n    }],\n    educationSection:[{\n        type: Mongoose.Schema.Types.ObjectId, ref : \"Education\"\n    }],\n    contactEmail:{\n        type: String,\n        required: true\n    },\n    contactNumber:{\n        type: String,\n        required: true\n    }\n})\n\nmodule.exports = Mongoose.model(\"UserInfo\", userInfoSchema, \"landingPage\");\n"]},"_coverageSchema":"1a1c01bbd47fc00a2c39e90264f33305004495a9","hash":"9056491e63d10f8de1c24e9d4d3a540598ef98bf","contentHash":"c9b9ca84a47c97ecb1b5c4d1788386fa489962dff3e7eb6bbdc7d6724c88ed27"},"/Users/mugabodeo/Documents/repos/myBlog/Niyonsaba-Mugabo-Deo/routes/admin.js":{"path":"/Users/mugabodeo/Documents/repos/myBlog/Niyonsaba-Mugabo-Deo/routes/admin.js","statementMap":{"0":{"start":{"line":3,"column":51},"end":{"line":3,"column":355}},"1":{"start":{"line":3,"column":126},"end":{"line":3,"column":181}},"2":{"start":{"line":3,"column":160},"end":{"line":3,"column":178}},"3":{"start":{"line":3,"column":191},"end":{"line":3,"column":353}},"4":{"start":{"line":3,"column":225},"end":{"line":3,"column":350}},"5":{"start":{"line":3,"column":356},"end":{"line":3,"column":376}},"6":{"start":{"line":5,"column":0},"end":{"line":7,"column":3}},"7":{"start":{"line":8,"column":0},"end":{"line":8,"column":28}},"8":{"start":{"line":10,"column":15},"end":{"line":10,"column":57}},"9":{"start":{"line":12,"column":19},"end":{"line":12,"column":72}},"10":{"start":{"line":14,"column":17},"end":{"line":14,"column":61}},"11":{"start":{"line":16,"column":14},"end":{"line":16,"column":55}},"12":{"start":{"line":18,"column":20},"end":{"line":18,"column":68}},"13":{"start":{"line":20,"column":12},"end":{"line":20,"column":61}},"14":{"start":{"line":22,"column":16},"end":{"line":22,"column":69}},"15":{"start":{"line":24,"column":15},"end":{"line":24,"column":67}},"16":{"start":{"line":26,"column":23},"end":{"line":26,"column":83}},"17":{"start":{"line":28,"column":23},"end":{"line":28,"column":83}},"18":{"start":{"line":30,"column":24},"end":{"line":30,"column":85}},"19":{"start":{"line":32,"column":38},"end":{"line":32,"column":85}},"20":{"start":{"line":32,"column":73},"end":{"line":32,"column":85}},"21":{"start":{"line":32,"column":98},"end":{"line":32,"column":111}},"22":{"start":{"line":32,"column":113},"end":{"line":32,"column":194}},"23":{"start":{"line":32,"column":178},"end":{"line":32,"column":191}},"24":{"start":{"line":32,"column":195},"end":{"line":32,"column":208}},"25":{"start":{"line":34,"column":40},"end":{"line":34,"column":82}},"26":{"start":{"line":34,"column":69},"end":{"line":34,"column":80}},"27":{"start":{"line":34,"column":83},"end":{"line":34,"column":189}},"28":{"start":{"line":34,"column":161},"end":{"line":34,"column":187}},"29":{"start":{"line":34,"column":202},"end":{"line":34,"column":228}},"30":{"start":{"line":34,"column":230},"end":{"line":34,"column":285}},"31":{"start":{"line":34,"column":261},"end":{"line":34,"column":283}},"32":{"start":{"line":34,"column":299},"end":{"line":34,"column":301}},"33":{"start":{"line":34,"column":331},"end":{"line":34,"column":387}},"34":{"start":{"line":34,"column":389},"end":{"line":34,"column":669}},"35":{"start":{"line":34,"column":412},"end":{"line":34,"column":667}},"36":{"start":{"line":34,"column":477},"end":{"line":34,"column":549}},"37":{"start":{"line":34,"column":551},"end":{"line":34,"column":665}},"38":{"start":{"line":34,"column":589},"end":{"line":34,"column":630}},"39":{"start":{"line":34,"column":640},"end":{"line":34,"column":663}},"40":{"start":{"line":34,"column":670},"end":{"line":34,"column":694}},"41":{"start":{"line":34,"column":695},"end":{"line":34,"column":733}},"42":{"start":{"line":34,"column":708},"end":{"line":34,"column":731}},"43":{"start":{"line":34,"column":734},"end":{"line":34,"column":748}},"44":{"start":{"line":36,"column":39},"end":{"line":36,"column":95}},"45":{"start":{"line":38,"column":77},"end":{"line":38,"column":175}},"46":{"start":{"line":38,"column":94},"end":{"line":38,"column":107}},"47":{"start":{"line":38,"column":121},"end":{"line":38,"column":131}},"48":{"start":{"line":38,"column":151},"end":{"line":38,"column":165}},"49":{"start":{"line":38,"column":166},"end":{"line":38,"column":173}},"50":{"start":{"line":38,"column":176},"end":{"line":38,"column":263}},"51":{"start":{"line":38,"column":193},"end":{"line":38,"column":208}},"52":{"start":{"line":38,"column":218},"end":{"line":38,"column":261}},"53":{"start":{"line":40,"column":33},"end":{"line":40,"column":387}},"54":{"start":{"line":40,"column":65},"end":{"line":40,"column":69}},"55":{"start":{"line":40,"column":78},"end":{"line":40,"column":87}},"56":{"start":{"line":40,"column":89},"end":{"line":40,"column":384}},"57":{"start":{"line":40,"column":147},"end":{"line":40,"column":167}},"58":{"start":{"line":40,"column":193},"end":{"line":40,"column":264}},"59":{"start":{"line":40,"column":290},"end":{"line":40,"column":360}},"60":{"start":{"line":40,"column":363},"end":{"line":40,"column":380}},"61":{"start":{"line":42,"column":18},"end":{"line":42,"column":46}},"62":{"start":{"line":45,"column":0},"end":{"line":96,"column":5}},"63":{"start":{"line":46,"column":13},"end":{"line":91,"column":5}},"64":{"start":{"line":48,"column":4},"end":{"line":90,"column":33}},"65":{"start":{"line":49,"column":6},"end":{"line":89,"column":7}},"66":{"start":{"line":50,"column":8},"end":{"line":88,"column":9}},"67":{"start":{"line":52,"column":12},"end":{"line":52,"column":30}},"68":{"start":{"line":53,"column":12},"end":{"line":53,"column":50}},"69":{"start":{"line":56,"column":12},"end":{"line":56,"column":33}},"70":{"start":{"line":57,"column":12},"end":{"line":57,"column":30}},"71":{"start":{"line":58,"column":12},"end":{"line":58,"column":68}},"72":{"start":{"line":61,"column":12},"end":{"line":61,"column":43}},"73":{"start":{"line":62,"column":12},"end":{"line":66,"column":15}},"74":{"start":{"line":67,"column":12},"end":{"line":67,"column":30}},"75":{"start":{"line":68,"column":12},"end":{"line":68,"column":31}},"76":{"start":{"line":69,"column":12},"end":{"line":69,"column":34}},"77":{"start":{"line":72,"column":12},"end":{"line":72,"column":38}},"78":{"start":{"line":73,"column":12},"end":{"line":73,"column":32}},"79":{"start":{"line":74,"column":12},"end":{"line":74,"column":31}},"80":{"start":{"line":75,"column":12},"end":{"line":75,"column":18}},"81":{"start":{"line":78,"column":12},"end":{"line":78,"column":31}},"82":{"start":{"line":79,"column":12},"end":{"line":79,"column":47}},"83":{"start":{"line":80,"column":12},"end":{"line":80,"column":28}},"84":{"start":{"line":81,"column":12},"end":{"line":83,"column":15}},"85":{"start":{"line":87,"column":12},"end":{"line":87,"column":35}},"86":{"start":{"line":93,"column":2},"end":{"line":95,"column":4}},"87":{"start":{"line":94,"column":4},"end":{"line":94,"column":39}},"88":{"start":{"line":98,"column":0},"end":{"line":163,"column":5}},"89":{"start":{"line":99,"column":14},"end":{"line":158,"column":5}},"90":{"start":{"line":101,"column":4},"end":{"line":157,"column":17}},"91":{"start":{"line":102,"column":6},"end":{"line":156,"column":7}},"92":{"start":{"line":103,"column":8},"end":{"line":155,"column":9}},"93":{"start":{"line":105,"column":12},"end":{"line":105,"column":71}},"94":{"start":{"line":107,"column":12},"end":{"line":110,"column":13}},"95":{"start":{"line":108,"column":14},"end":{"line":108,"column":33}},"96":{"start":{"line":109,"column":14},"end":{"line":109,"column":20}},"97":{"start":{"line":112,"column":12},"end":{"line":112,"column":73}},"98":{"start":{"line":115,"column":12},"end":{"line":115,"column":31}},"99":{"start":{"line":116,"column":12},"end":{"line":118,"column":15}},"100":{"start":{"line":121,"column":12},"end":{"line":121,"column":41}},"101":{"start":{"line":123,"column":12},"end":{"line":126,"column":13}},"102":{"start":{"line":124,"column":14},"end":{"line":124,"column":33}},"103":{"start":{"line":125,"column":14},"end":{"line":125,"column":20}},"104":{"start":{"line":128,"column":12},"end":{"line":128,"column":87}},"105":{"start":{"line":131,"column":12},"end":{"line":131,"column":32}},"106":{"start":{"line":132,"column":12},"end":{"line":132,"column":87}},"107":{"start":{"line":135,"column":12},"end":{"line":135,"column":39}},"108":{"start":{"line":137,"column":12},"end":{"line":140,"column":13}},"109":{"start":{"line":138,"column":14},"end":{"line":138,"column":34}},"110":{"start":{"line":139,"column":14},"end":{"line":139,"column":20}},"111":{"start":{"line":142,"column":12},"end":{"line":142,"column":87}},"112":{"start":{"line":147,"column":12},"end":{"line":149,"column":38}},"113":{"start":{"line":150,"column":12},"end":{"line":150,"column":55}},"114":{"start":{"line":154,"column":12},"end":{"line":154,"column":36}},"115":{"start":{"line":160,"column":2},"end":{"line":162,"column":4}},"116":{"start":{"line":161,"column":4},"end":{"line":161,"column":40}},"117":{"start":{"line":165,"column":0},"end":{"line":207,"column":5}},"118":{"start":{"line":166,"column":14},"end":{"line":202,"column":5}},"119":{"start":{"line":168,"column":4},"end":{"line":201,"column":33}},"120":{"start":{"line":169,"column":6},"end":{"line":200,"column":7}},"121":{"start":{"line":170,"column":8},"end":{"line":199,"column":9}},"122":{"start":{"line":172,"column":12},"end":{"line":178,"column":15}},"123":{"start":{"line":179,"column":12},"end":{"line":179,"column":31}},"124":{"start":{"line":180,"column":12},"end":{"line":180,"column":31}},"125":{"start":{"line":181,"column":12},"end":{"line":181,"column":38}},"126":{"start":{"line":184,"column":12},"end":{"line":184,"column":46}},"127":{"start":{"line":185,"column":12},"end":{"line":185,"column":39}},"128":{"start":{"line":186,"column":12},"end":{"line":186,"column":32}},"129":{"start":{"line":187,"column":12},"end":{"line":187,"column":18}},"130":{"start":{"line":190,"column":12},"end":{"line":190,"column":31}},"131":{"start":{"line":191,"column":12},"end":{"line":191,"column":49}},"132":{"start":{"line":192,"column":12},"end":{"line":194,"column":15}},"133":{"start":{"line":198,"column":12},"end":{"line":198,"column":36}},"134":{"start":{"line":204,"column":2},"end":{"line":206,"column":4}},"135":{"start":{"line":205,"column":4},"end":{"line":205,"column":40}},"136":{"start":{"line":209,"column":0},"end":{"line":257,"column":5}},"137":{"start":{"line":210,"column":14},"end":{"line":252,"column":5}},"138":{"start":{"line":212,"column":4},"end":{"line":251,"column":34}},"139":{"start":{"line":213,"column":6},"end":{"line":250,"column":7}},"140":{"start":{"line":214,"column":8},"end":{"line":249,"column":9}},"141":{"start":{"line":216,"column":12},"end":{"line":216,"column":31}},"142":{"start":{"line":217,"column":12},"end":{"line":217,"column":31}},"143":{"start":{"line":218,"column":12},"end":{"line":218,"column":50}},"144":{"start":{"line":221,"column":12},"end":{"line":221,"column":44}},"145":{"start":{"line":222,"column":12},"end":{"line":222,"column":31}},"146":{"start":{"line":223,"column":12},"end":{"line":231,"column":15}},"147":{"start":{"line":234,"column":12},"end":{"line":234,"column":50}},"148":{"start":{"line":235,"column":12},"end":{"line":235,"column":43}},"149":{"start":{"line":236,"column":12},"end":{"line":236,"column":32}},"150":{"start":{"line":237,"column":12},"end":{"line":237,"column":18}},"151":{"start":{"line":240,"column":12},"end":{"line":240,"column":32}},"152":{"start":{"line":241,"column":12},"end":{"line":241,"column":49}},"153":{"start":{"line":242,"column":12},"end":{"line":244,"column":15}},"154":{"start":{"line":248,"column":12},"end":{"line":248,"column":36}},"155":{"start":{"line":254,"column":2},"end":{"line":256,"column":4}},"156":{"start":{"line":255,"column":4},"end":{"line":255,"column":40}},"157":{"start":{"line":259,"column":0},"end":{"line":310,"column":5}},"158":{"start":{"line":260,"column":14},"end":{"line":305,"column":5}},"159":{"start":{"line":262,"column":4},"end":{"line":304,"column":34}},"160":{"start":{"line":263,"column":6},"end":{"line":303,"column":7}},"161":{"start":{"line":264,"column":8},"end":{"line":302,"column":9}},"162":{"start":{"line":266,"column":12},"end":{"line":266,"column":31}},"163":{"start":{"line":267,"column":12},"end":{"line":271,"column":15}},"164":{"start":{"line":272,"column":12},"end":{"line":272,"column":31}},"165":{"start":{"line":273,"column":12},"end":{"line":273,"column":41}},"166":{"start":{"line":276,"column":12},"end":{"line":276,"column":46}},"167":{"start":{"line":277,"column":12},"end":{"line":277,"column":31}},"168":{"start":{"line":278,"column":12},"end":{"line":278,"column":50}},"169":{"start":{"line":281,"column":12},"end":{"line":281,"column":44}},"170":{"start":{"line":282,"column":12},"end":{"line":282,"column":70}},"171":{"start":{"line":283,"column":12},"end":{"line":283,"column":32}},"172":{"start":{"line":284,"column":12},"end":{"line":284,"column":41}},"173":{"start":{"line":287,"column":12},"end":{"line":287,"column":40}},"174":{"start":{"line":288,"column":12},"end":{"line":288,"column":39}},"175":{"start":{"line":289,"column":12},"end":{"line":289,"column":32}},"176":{"start":{"line":290,"column":12},"end":{"line":290,"column":18}},"177":{"start":{"line":293,"column":12},"end":{"line":293,"column":32}},"178":{"start":{"line":294,"column":12},"end":{"line":294,"column":49}},"179":{"start":{"line":295,"column":12},"end":{"line":297,"column":15}},"180":{"start":{"line":301,"column":12},"end":{"line":301,"column":36}},"181":{"start":{"line":307,"column":2},"end":{"line":309,"column":4}},"182":{"start":{"line":308,"column":4},"end":{"line":308,"column":40}},"183":{"start":{"line":312,"column":0},"end":{"line":347,"column":5}},"184":{"start":{"line":313,"column":14},"end":{"line":342,"column":5}},"185":{"start":{"line":315,"column":4},"end":{"line":341,"column":33}},"186":{"start":{"line":316,"column":6},"end":{"line":340,"column":7}},"187":{"start":{"line":317,"column":8},"end":{"line":339,"column":9}},"188":{"start":{"line":319,"column":12},"end":{"line":319,"column":31}},"189":{"start":{"line":320,"column":12},"end":{"line":320,"column":31}},"190":{"start":{"line":321,"column":12},"end":{"line":321,"column":54}},"191":{"start":{"line":324,"column":12},"end":{"line":324,"column":48}},"192":{"start":{"line":325,"column":12},"end":{"line":325,"column":41}},"193":{"start":{"line":326,"column":12},"end":{"line":326,"column":32}},"194":{"start":{"line":327,"column":12},"end":{"line":327,"column":18}},"195":{"start":{"line":330,"column":12},"end":{"line":330,"column":31}},"196":{"start":{"line":331,"column":12},"end":{"line":331,"column":49}},"197":{"start":{"line":332,"column":12},"end":{"line":334,"column":15}},"198":{"start":{"line":338,"column":12},"end":{"line":338,"column":36}},"199":{"start":{"line":344,"column":2},"end":{"line":346,"column":4}},"200":{"start":{"line":345,"column":4},"end":{"line":345,"column":40}},"201":{"start":{"line":349,"column":0},"end":{"line":390,"column":5}},"202":{"start":{"line":350,"column":14},"end":{"line":385,"column":5}},"203":{"start":{"line":352,"column":4},"end":{"line":384,"column":33}},"204":{"start":{"line":353,"column":6},"end":{"line":383,"column":7}},"205":{"start":{"line":354,"column":8},"end":{"line":382,"column":9}},"206":{"start":{"line":356,"column":12},"end":{"line":356,"column":31}},"207":{"start":{"line":357,"column":12},"end":{"line":357,"column":31}},"208":{"start":{"line":358,"column":12},"end":{"line":364,"column":15}},"209":{"start":{"line":367,"column":12},"end":{"line":367,"column":47}},"210":{"start":{"line":368,"column":12},"end":{"line":368,"column":40}},"211":{"start":{"line":369,"column":12},"end":{"line":369,"column":32}},"212":{"start":{"line":370,"column":12},"end":{"line":370,"column":18}},"213":{"start":{"line":373,"column":12},"end":{"line":373,"column":31}},"214":{"start":{"line":374,"column":12},"end":{"line":374,"column":49}},"215":{"start":{"line":375,"column":12},"end":{"line":377,"column":15}},"216":{"start":{"line":381,"column":12},"end":{"line":381,"column":36}},"217":{"start":{"line":387,"column":2},"end":{"line":389,"column":4}},"218":{"start":{"line":388,"column":4},"end":{"line":388,"column":40}},"219":{"start":{"line":392,"column":0},"end":{"line":440,"column":5}},"220":{"start":{"line":393,"column":14},"end":{"line":435,"column":5}},"221":{"start":{"line":395,"column":4},"end":{"line":434,"column":34}},"222":{"start":{"line":396,"column":6},"end":{"line":433,"column":7}},"223":{"start":{"line":397,"column":8},"end":{"line":432,"column":9}},"224":{"start":{"line":399,"column":12},"end":{"line":399,"column":31}},"225":{"start":{"line":400,"column":12},"end":{"line":400,"column":31}},"226":{"start":{"line":401,"column":12},"end":{"line":403,"column":15}},"227":{"start":{"line":406,"column":12},"end":{"line":406,"column":47}},"228":{"start":{"line":407,"column":12},"end":{"line":407,"column":31}},"229":{"start":{"line":408,"column":12},"end":{"line":408,"column":50}},"230":{"start":{"line":411,"column":12},"end":{"line":411,"column":44}},"231":{"start":{"line":412,"column":12},"end":{"line":412,"column":71}},"232":{"start":{"line":413,"column":12},"end":{"line":413,"column":32
[...]
on\",\n  VerifyToken,\n  async(req, res) => {\n    try {\n      const getProjectsSection= await Projects.find()\n      res.json(getProjectsSection)\n    } catch (err) {\n      res.json({message: err })\n    }\n  }\n)\n//update a single projectCard\nadminRouter.patch(\n  \"/updateProjectsSection/:projectCardId\",\n  VerifyToken,\n  async (req, res) => {\n    try {\n      \n      const updateProjectCard= await Projects.updateOne(\n        { _id: req.params.projectCardId },\n        {\n        projectBody: req.body.projectBody,\n        projectImg: req.body.projectImg,\n        projectTitle: req.body.projectTitle\n      }\n      )\n      res.json(updateProjectCard);\n    } catch (err) {\n      res.json({ message: err });\n    }\n  }\n);\n\n//delete a single projectCard\nadminRouter.delete(\n  \"/updateProjectsSection/:projectCardId\",\n  VerifyToken,\n  async (req, res) => {\n    try {\n      \n      const deleteProjectCard= await Projects.findOneAndRemove(\n        { _id: req.params.projectCardId })\n      const getUserInfoDoc = await UserInfo.findOne();\n      getUserInfoDoc.projectsSection.pull(deleteProjectCard._id)\n      const saveNewDoc = await getUserInfoDoc.save();  \n      res.json(deleteProjectCard);\n    } catch (err) {\n      res.json({ message: err });\n    }\n  }\n);\n\n\n\n//add service card\nadminRouter.post(\n  \"/updateServiceSection/add\",\n  VerifyToken,\n  async (req, res) => {\n    try {\n      const newServiceCard= new Services({\n        serviceFeatures: req.body.serviceFeatures,\n        serviceImg: req.body.serviceImg,\n        serviceTitle: req.body.serviceTitle\n      })\n   \n      const savedServiceCard = await newServiceCard.save();\n      const getUserInfoDoc = await UserInfo.findOne();\n      getUserInfoDoc.servicesSection.push(savedServiceCard._id);\n      const saveNewDoc = await getUserInfoDoc.save();\n      res.json(savedServiceCard);\n    } catch (err) {\n      res.json({ message: err });\n    }\n  }\n);\n\n//getting  services section\nadminRouter.get(\n  \"/getServicesSection\",\n  VerifyToken,\n  async(req, res) => {\n    try {\n      const getServicesSection= await Services.find()\n      res.json(getServicesSection)\n    } catch (err) {\n      res.json({message: err })\n    }\n  }\n)\n\n//update a single ServiceCard\nadminRouter.patch(\n  \"/updateServiceSection/:serviceCardId\",\n  VerifyToken,\n  async (req, res) => {\n    try {\n      \n      const updateServiceCard= await Services.updateOne(\n        { _id: req.params.serviceCardId },\n        {\n        serviceFeatures: req.body.serviceFeatures,\n        serviceImg: req.body.serviceImg,\n        serviceTitle: req.body.serviceTitle\n      }\n      )\n      res.json(updateServiceCard);\n    } catch (err) {\n      res.json({ message: err });\n    }\n  }\n);\n\n//delete a single serviceCard\nadminRouter.delete(\n  \"/updateServiceSection/:serviceCardId\",\n  VerifyToken,\n  async (req, res) => {\n    try {\n      \n      const deleteServiceCard= await Services.findOneAndRemove(\n        { _id: req.params.serviceCardId })\n      const getUserInfoDoc = await UserInfo.findOne();\n      getUserInfoDoc.servicesSection.pull(deleteServiceCard._id)\n      const saveNewDoc = await getUserInfoDoc.save();  \n      res.json(deleteServiceCard);\n    } catch (err) {\n      res.json({ message: err });\n    }\n  }\n) \n\n//add education card\nadminRouter.post(\n  \"/updateEducationSection/add\",\n  VerifyToken,\n  async (req, res) => {\n    try {\n      const newEducationCard= new Education({\n        educationBody: req.body.educationBody,\n        educationImg: req.body.educationImg,\n        educationPeriod: req.body.educationPeriod,\n        educationTitle: req.body.educationTitle\n      })\n      const savedEducationCard = await newEducationCard.save();\n      const getUserInfoDoc = await UserInfo.findOne();\n      getUserInfoDoc.educationSection.push(savedEducationCard._id);\n      const saveNewDoc = await getUserInfoDoc.save();\n      res.json(savedEducationCard);\n    } catch (err) {\n      res.json({ message: err });\n    }\n  }\n);\n\n//getting education section\nadminRouter.get(\n  \"/getEducationSection\",\n  VerifyToken,\n  async(req, res) => {\n    try {\n      const getEducationSection=await Education.find()\n      res.json(getEducationSection)\n    } catch (err) {\n      res.json({message: err })\n    }\n  }\n)\n\n//update a single educationCard\nadminRouter.patch(\n  \"/updateEducationSection/:educationCardId\",\n  VerifyToken,\n  async (req, res) => {\n    try {\n      \n      const updateEducationCard= await Education.updateOne(\n        { _id: req.params.educationCardId },\n        {\n          educationBody: req.body.educationBody,\n          educationImg: req.body.educationImg,\n          educationPeriod: req.body.educationPeriod,\n          educationTitle: req.body.educationTitle\n      }\n      )\n      res.json(updateEducationCard);\n    } catch (err) {\n      res.json({ message: err });\n    }\n  }\n);\n\n//delete a single educationCard\nadminRouter.delete(\n  \"/updateEducationSection/:educationCardId\",\n  VerifyToken,\n  async (req, res) => {\n    try {\n      \n      const deleteEducationCard= await Education.findOneAndRemove(\n        { _id: req.params.educationCardId })\n      const getUserInfoDoc = await UserInfo.findOne();\n      getUserInfoDoc.educationSection.pull(deleteEducationCard._id)\n      const saveNewDoc = await getUserInfoDoc.save();  \n      res.json(deleteEducationCard);\n    } catch (err) {\n      res.json({ message: err });\n    }\n  }\n) \n\n//update user profile on contact sections\nadminRouter.patch(\"/updateContactSection\", VerifyToken, async (req, res) => {\n  try {\n    const getDocumentId = await userInfo.findOne();\n    const updateContactSection = await userInfo.updateOne(\n      { _id: getDocumentId._id },\n      {\n        $set: {\n          contactEmail: req.body.contactEmail,\n          contactNumber: req.body.contactNumber,\n        },\n      }\n    );\n    res.json(updateContactSection);\n  } catch (err) {\n    res.json({ message: err });\n  }\n});\n\n//save an article into mongo db database\nadminRouter.post(\"/saveArticle\", VerifyToken, async (req, res) => {\n  const newArticle = new Article({\n    articleTitle: req.body.articleTitle,\n    articleCover: req.body.articleCover,\n    articleHeadline: req.body.articleHeadline,\n    articleCategory: req.body.articleCategory,\n    articleBody: req.body.articleBody,\n    articleUpdate: req.body.articleUpdate,\n  });\n  try {\n    const savedArticle = await newArticle.save();\n    res.json(savedArticle);\n  } catch (err) {\n    res.json({ message: err });\n  }\n});\n\n//delete a specific article and delete all comment\nadminRouter.delete(\"/articles/:articleId\", VerifyToken, async (req, res) => {\n  try {\n    const deleteArticle = await Article.deleteOne({\n      _id: req.params.articleId,\n    });\n    res.json(deleteArticle);\n  } catch (err) {\n    res.json({ message: err });\n  }\n});\n\n//update a specific article\nadminRouter.patch(\"/articles/:articleId\", VerifyToken, async (req, res) => {\n  try {\n    const updateArticle = await Article.updateOne(\n      { _id: req.params.articleId },\n      { $set: { articleUpdate: req.body.articleUpdate } }\n    );\n    res.json(updateArticle);\n  } catch (err) {\n    res.json({ message: err });\n  }\n});\n\nexport default adminRouter;\n"]},"_coverageSchema":"1a1c01bbd47fc00a2c39e90264f33305004495a9","hash":"7baf655d80aa47209973fb8d55f6e9318a03c4f7","contentHash":"596c6d845c7d7b3aa1418df2306aa79b25ea108a96ceae79ddfc2c5bafa97ce1"},"/Users/mugabodeo/Documents/repos/myBlog/Niyonsaba-Mugabo-Deo/models/user.js":{"path":"/Users/mugabodeo/Documents/repos/myBlog/Niyonsaba-Mugabo-Deo/models/user.js","statementMap":{"0":{"start":{"line":3,"column":0},"end":{"line":5,"column":3}},"1":{"start":{"line":6,"column":0},"end":{"line":6,"column":28}},"2":{"start":{"line":8,"column":16},"end":{"line":8,"column":59}},"3":{"start":{"line":10,"column":17},"end":{"line":10,"column":61}},"4":{"start":{"line":12,"column":39},"end":{"line":12,"column":95}},"5":{"start":{"line":14,"column":17},"end":{"line":38,"column":2}},"6":{"start":{"line":26,"column":6},"end":{"line":30,"column":7}},"7":{"start":{"line":27,"column":8},"end":{"line":29,"column":11}},"8":{"start":{"line":40,"column":15},"end":{"line":40,"column":70}},"9":{"start":{"line":42,"column":0},"end":{"line":42,"column":30}}},"fnMap":{"0":{"name":"_interopRequireDefault","decl":{"start":{"line":12,"column":9},"end":{"line":12,"column":31}},"loc":{"start":{"line":12,"column":37},"end":{"line":12,"column":97}},"line":12},"1":{"name":"validate","decl":{"start":{"line":25,"column":23},"end":{"line":25,"column":31}},"loc":{"start":{"line":25,"column":39},"end":{"line":31,"column":5}},"line":25}},"branchMap":{"0":{"loc":{"start":{"line":12,"column":46},"end":{"line":12,"column":94}},"type":"cond-expr","locations":[{"start":{"line":12,"column":70},"end":{"line":12,"column":73}},{"start":{"line":12,"column":76},"end":{"line":12,"column":94}}],"line":12},"1":{"loc":{"start":{"line":12,"column":46},"end":{"line":12,"column":67}},"type":"binary-expr","locations":[{"start":{"line":12,"column":46},"end":{"line":12,"column":49}},{"start":{"line":12,"column":53},"end":{"line":12,"column":67}}],"line":12},"2":{"loc":{"start":{"line":26,"column":6},"end":{"line":30,"column":7}},"type":"if","locations":[{"start":{"line":26,"column":6},"end":{"line":30,"column":7}},{"start":{"line":26,"column":6},"end":{"line":30,"column":7}}],"line":26}},"s":{"0":1,"1":1,"2":1,"3":1,"4":2,"5":1,"6":1,"7":0,"8":1,"9":1},"f":{"0":2,"1":1},"b":{"0":[0,2],"1":[2,2],"2":[0,1]},"inputSourceMap":{"version":3,"sources":["user.js"],"names":["userSchema","Mongoose","Schema","name","type","String","required","min","email","unique","lowercase","validate","value","validator","isEmail","Error","error","password","minLength","model"],"mappings":";;;;;;;AAAA;;AACA;;;;AAEA,IAAMA,UAAU,GAAGC,qBAASC,MAAT,CAAgB;AAC/BC,EAAAA,IAAI,EAAE;AACFC,IAAAA,IAAI,EAAEC,MADJ;AAEFC,IAAAA,QAAQ,EAAE,IAFR;AAGFC,IAAAA,GAAG,EAAE;AAHH,GADyB;AAM/BC,EAAAA,KAAK,EAAE;AACHJ,IAAAA,IAAI,EAAEC,MADH;AAEHC,IAAAA,QAAQ,EAAE,IAFP;AAGHG,IAAAA,MAAM,EAAE,IAHL;AAIHC,IAAAA,SAAS,EAAE,IAJR;AAKHC,IAAAA,QAAQ,EAAE,kBAAAC,KAAK,EAAI;AACf,UAAI,CAACC,sBAAUC,OAAV,CAAkBF,KAAlB,CAAL,EAA+B;AAC3B,cAAM,IAAIG,KAAJ,CAAU;AAACC,UAAAA,KAAK,EAAE;AAAR,SAAV,CAAN;AACH;AACJ;AATE,GANwB;AAiB/BC,EAAAA,QAAQ,EAAE;AACNb,IAAAA,IAAI,EAAEC,MADA;AAENC,IAAAA,QAAQ,EAAE,IAFJ;AAGNY,IAAAA,SAAS,EAAE;AAHL;AAjBqB,CAAhB,CAAnB;;eAwBejB,qBAASkB,KAAT,CAAe,MAAf,EAAsBnB,UAAtB,EAAiC,OAAjC,C","sourceRoot":"/Users/mugabodeo/Documents/repos/myBlog/Niyonsaba-Mugabo-Deo/models/","sourcesContent":["import Mongoose from 'mongoose'\nimport validator from 'validator'\n\nconst userSchema = Mongoose.Schema({\n    name: {\n        type: String,\n        required: true,\n        min: 6\n    },\n    email: {\n        type: String,\n        required: true,\n        unique: true,\n        lowercase: true,\n        validate: value => {\n            if (!validator.isEmail(value)) {\n                throw new Error({error: 'Invalid Email address'})\n            }\n        }\n    },\n    password: {\n        type: String,\n        required: true,\n        minLength: 7\n    }\n})\n\nexport default Mongoose.model('User',userSchema,'users')"]},"_coverageSchema":"1a1c01bbd47fc00a2c39e90264f33305004495a9","hash":"8fa0398dcb924ce326e594c574c9793463088c94","contentHash":"3fc53e1cecdf82debab1477fae0f7c26e0a97ebc5a1ecc0d9a7e1aeb1f3df0e6"},"/Users/mugabodeo/Documents/repos/myBlog/Niyonsaba-Mugabo-Deo/models/projectsSection.js":{"path":"/Users/mugabodeo/Documents/repos/myBlog/Niyonsaba-Mugabo-Deo/models/projectsSection.js","statementMap":{"0":{"start":{"line":3,"column":0},"end":{"line":5,"column":3}},"1":{"start":{"line":6,"column":0},"end":{"line":6,"column":28}},"2":{"start":{"line":8,"column":16},"end":{"line":8,"column":59}},"3":{"start":{"line":10,"column":39},"end":{"line":10,"column":95}},"4":{"start":{"line":12,"column":28},"end":{"line":25,"column":2}},"5":{"start":{"line":27,"column":15},"end":{"line":27,"column":95}},"6":{"start":{"line":29,"column":0},"end":{"line":29,"column":30}}},"fnMap":{"0":{"name":"_interopRequireDefault","decl":{"start":{"line":10,"column":9},"end":{"line":10,"column":31}},"loc":{"start":{"line":10,"column":37},"end":{"line":10,"column":97}},"line":10}},"branchMap":{"0":{"loc":{"start":{"line":10,"column":46},"end":{"line":10,"column":94}},"type":"cond-expr","locations":[{"start":{"line":10,"column":70},"end":{"line":10,"column":73}},{"start":{"line":10,"column":76},"end":{"line":10,"column":94}}],"line":10},"1":{"loc":{"start":{"line":10,"column":46},"end":{"line":10,"column":67}},"type":"binary-expr","locations":[{"start":{"line":10,"column":46},"end":{"line":10,"column":49}},{"start":{"line":10,"column":53},"end":{"line":10,"column":67}}],"line":10}},"s":{"0":1,"1":1,"2":1,"3":1,"4":1,"5":1,"6":1},"f":{"0":1},"b":{"0":[0,1],"1":[1,1]},"inputSourceMap":{"version":3,"sources":["projectsSection.js"],"names":["projectsSectionSchema","Mongoose","Schema","projectBody","type","String","required","projectImg","projectTitle","model"],"mappings":";;;;;;;AAAA;;;;AAEA,IAAMA,qBAAqB,GAAEC,qBAASC,MAAT,CAAgB;AACzCC,EAAAA,WAAW,EAAC;AACRC,IAAAA,IAAI,EAAEC,MADE;AAERC,IAAAA,QAAQ,EAAE;AAFF,GAD6B;AAKzCC,EAAAA,UAAU,EAAC;AACPH,IAAAA,IAAI,EAAEC,MADC;AAEPC,IAAAA,QAAQ,EAAE;AAFH,GAL8B;AASzCE,EAAAA,YAAY,EAAC;AACTJ,IAAAA,IAAI,EAAEC,MADG;AAETC,IAAAA,QAAQ,EAAE;AAFD;AAT4B,CAAhB,CAA7B;;eAceL,qBAASQ,KAAT,CAAe,UAAf,EAA2BT,qBAA3B,EAAiD,iBAAjD,C","sourceRoot":"/Users/mugabodeo/Documents/repos/myBlog/Niyonsaba-Mugabo-Deo/models/","sourcesContent":["import Mongoose from \"mongoose\"\n\nconst projectsSectionSchema= Mongoose.Schema({\n    projectBody:{\n        type: String,\n        required: true\n    },\n    projectImg:{\n        type: String,\n        required: true\n    },\n    projectTitle:{\n        type: String,\n        required: true\n    }\n})\nexport default Mongoose.model(\"Projects\", projectsSectionSchema,\"projectsSection\")"]},"_coverageSchema":"1a1c01bbd47fc00a2c39e90264f33305004495a9","hash":"2054d43d8710533e2cea33a237c6df927c4f1540","contentHash":"698d7428aec6fb184073558821412e94e2725b3d78b68e6422dcedb795775e81"},"/Users/mugabodeo/Documents/repos/myBlog/Niyonsaba-Mugabo-Deo/models/servicesSection.js":{"path":"/Users/mugabodeo/Documents/repos/myBlog/Niyonsaba-Mugabo-Deo/models/servicesSection.js","statementMap":{"0":{"start":{"line":3,"column":0},"end":{"line":5,"column":3}},"1":{"start":{"line":6,"column":0},"end":{"line":6,"column":28}},"2":{"start":{"line":8,"column":16},"end":{"line":8,"column":59}},"3":{"start":{"line":10,"column":39},"end":{"line":10,"column":95}},"4":{"start":{"line":12,"column":28},"end":{"line":25,"column":2}},"5":{"start":{"line":27,"column":15},"end":{"line":27,"column":95}},"6":{"start":{"line":29,"column":0},"end":{"line":29,"column":30}}},"fnMap":{"0":{"name":"_interopRequireDefault","decl":{"start":{"line":10,"column":9},"end":{"line":10,"column":31}},"loc":{"start":{"line":10,"column":37},"end":{"line":10,"column":97}},"line":10}},"branchMap":{"0":{"loc":{"start":{"line":10,"column":46},"end":{"line":10,"column":94}},"type":"cond-expr","locations":[{"start":{"line":10,"column":70},"end":{"line":10,"column":73}},{"start":{"line":10,"column":76},"end":{"line":10,"column":94}}],"line":10},"1":{"loc":{"start":{"line":10,"column":46},"end":{"line":10,"column":67}},"type":"binary-expr","locations":[{"start":{"line":10,"column":46},"end":{"line":10,"column":49}},{"start":{"line":10,"column":53},"end":{"line":10,"column":67}}],"line":10}},"s":{"0":1,"1":1,"2":1,"3":1,"4":1,"5":1,"6":1},"f":{"0":1},"b":{"0":[0,1],"1":[1,1]},"inputSourceMap":{"version":3,"sources":["servicesSection.js"],"names":["servicesSectionSchema","Mongoose","Schema","serviceFeatures","type","String","required","serviceImg","serviceTitle","model"],"mappings":";;;;;;;AAAA;;;;AAEA,IAAMA,qBAAqB,GAAEC,qBAASC,MAAT,CAAgB;AACzCC,EAAAA,eAAe,EAAC;AACZC,IAAAA,IAAI,EAAEC,MADM;AAEZC,IAAAA,QAAQ,EAAE;AAFE,GADyB;AAKzCC,EAAAA,UAAU,EAAC;AACPH,IAAAA,IAAI,EAAEC,MADC;AAEPC,IAAAA,QAAQ,EAAE;AAFH,GAL8B;AASzCE,EAAAA,YAAY,EAAC;AACTJ,IAAAA,IAAI,EAAEC,MADG;AAETC,IAAAA,QAAQ,EAAE;AAFD;AAT4B,CAAhB,CAA7B;;eAeeL,qBAASQ,KAAT,CAAe,UAAf,EAA2BT,qBAA3B,EAAiD,iBAAjD,C","sourceRoot":"/Users/mugabodeo/Documents/repos/myBlog/Niyonsaba-Mugabo-Deo/models/","sourcesContent":["import Mongoose from \"mongoose\"\n\nconst servicesSectionSchema= Mongoose.Schema({\n    serviceFeatures:{\n        type: String,\n        required: true\n    },\n    serviceImg:{\n        type: String,\n        required: true\n    },\n    serviceTitle:{\n        type: String,\n        required: true\n    }\n})\n\nexport default Mongoose.model(\"Services\", servicesSectionSchema,\"servicesSection\")"]},"_coverageSchema":"1a1c01bbd47fc00a2c39e90264f33305004495a9","hash":"9a1489317ffe1ab6625e0bf496d2d02628d1574e","contentHash":"a49df297c90ee746557834ebd460b80d8621534cdccc87020c84a514a8278070"},"/Users/mugabodeo/Documents/repos/myBlog/Niyonsaba-Mugabo-Deo/models/educationSection.js":{"path":"/Users/mugabodeo/Documents/repos/myBlog/Niyonsaba-Mugabo-Deo/models/educationSection.js","statementMap":{"0":{"start":{"line":3,"column":0},"end":{"line":5,"column":3}},"1":{"start":{"line":6,"column":0},"end":{"line":6,"column":28}},"2":{"start":{"line":8,"column":16},"end":{"line":8,"column":59}},"3":{"start":{"line":10,"column":39},"end":{"line":10,"column":95}},"4":{"start":{"line":12,"column":29},"end":{"line":29,"column":2}},"5":{"start":{"line":31,"column":15},"end":{"line":31,"column":98}},"6":{"start":{"line":33,"column":0},"end":{"line":33,"column":30}}},"fnMap":{"0":{"name":"_interopRequireDefault","decl":{"start":{"line":10,"column":9},"end":{"line":10,"column":31}},"loc":{"start":{"line":10,"column":37},"end":{"line":10,"column":97}},"line":10}},"branchMap":{"0":{"loc":{"start":{"line":10,"column":46},"end":{"line":10,"column":94}},"type":"cond-expr","locations":[{"start":{"line":10,"column":70},"end":{"line":10,"column":73}},{"start":{"line":10,"column":76},"end":{"line":10,"column":94}}],"line":10},"1":{"loc":{"start":{"line":10,"column":46},"end":{"line":10,"column":67}},"type":"binary-expr","locations":[{"start":{"line":10,"column":46},"end":{"line":10,"column":49}},{"start":{"line":10,"column":53},"end":{"line":10,"column":67}}],"line":10}},"s":{"0":1,"1":1,"2":1,"3":1,"4":1,"5":1,"6":1},"f":{"0":1},"b":{"0":[0,1],"1":[1,1]},"inputSourceMap":{"version":3,"sources":["educationSection.js"],"names":["educationSectionSchema","Mongoose","Schema","educationBody","type","String","required","educationImg","educationPeriod","educationTitle","model"],"mappings":";;;;;;;AAAA;;;;AAEA,IAAMA,sBAAsB,GAAEC,qBAASC,MAAT,CAAgB;AAC1CC,EAAAA,aAAa,EAAC;AACVC,IAAAA,IAAI,EAAEC,MADI;AAEVC,IAAAA,QAAQ,EAAE;AAFA,GAD4B;AAK1CC,EAAAA,YAAY,EAAC;AACTH,IAAAA,IAAI,EAAEC,MADG;AAETC,IAAAA,QAAQ,EAAE;AAFD,GAL6B;AAS1CE,EAAAA,eAAe,EAAC;AACZJ,IAAAA,IAAI,EAAEC,MADM;AAEZC,IAAAA,QAAQ,EAAE;AAFE,GAT0B;AAa1CG,EAAAA,cAAc,EAAC;AACXL,IAAAA,IAAI,EAAEC,MADK;AAEXC,IAAAA,QAAQ,EAAE;AAFC;AAb2B,CAAhB,CAA9B;;eAmBgBL,qBAASS,KAAT,CAAe,WAAf,EAA4BV,sBAA5B,EAAmD,kBAAnD,C","sourceRoot":"/Users/mugabodeo/Documents/repos/myBlog/Niyonsaba-Mugabo-Deo/models/","sourcesContent":["import Mongoose from \"mongoose\"\n\nconst educationSectionSchema= Mongoose.Schema({\n    educationBody:{\n        type: String,\n        required: true\n    },\n    educationImg:{\n        type: String,\n        required: true\n    },\n    educationPeriod:{\n        type: String,\n        required: true\n    },\n    educationTitle:{\n        type: String,\n        required: true\n    }\n})\n\nexport default  Mongoose.model(\"Education\", educationSectionSchema,\"educationSection\")"]},"_coverageSchema":"1a1c01bbd47fc00a2c39e90264f33305004495a9","hash":"cc55de6d12426200fb866600aff901738e580dbb","contentHash":"b8508b48d15d0981b7d8bd016ddd7c2971e84af0a7d28a6c33219828b57b2e8f"}}